2016-05-19 08:03:53 [SwingWorker-pool-1-thread-2] DEBUG c.m.f.p.w.backend.WineTastingDAOImpl - Finding all sessions
2016-05-19 08:03:53 [SwingWorker-pool-1-thread-1] DEBUG c.m.f.p.w.backend.WineSampleDAOImpl - Finding all wine samples
2016-05-19 08:03:53 [AWT-EventQueue-0] DEBUG c.m.f.p.w.frontend.MainWindow - Changing wineSample model - all wineSamples are loaded from database.
2016-05-19 08:03:53 [AWT-EventQueue-0] DEBUG c.m.f.p.w.frontend.MainWindow - Changing wineSample Model - Finding all Sessions
2016-05-19 08:04:08 [SwingWorker-pool-1-thread-3] DEBUG c.m.f.p.w.b.WineTastingManagerImpl - Finding all wines in session cz.muni.fi.pv168.winetasting.backend.WineTastingSession@c6ffc563
2016-05-19 08:04:09 [AWT-EventQueue-0] DEBUG c.m.f.p.w.f.SessionDependentWines - Finding winesamples in session:cz.muni.fi.pv168.winetasting.backend.WineTastingSession@c6ffc563
2016-05-19 08:04:38 [SwingWorker-pool-1-thread-4] DEBUG c.m.f.p.w.b.WineTastingManagerImpl - Finding all wines in session cz.muni.fi.pv168.winetasting.backend.WineTastingSession@c6ffc563
2016-05-19 08:04:38 [AWT-EventQueue-0] DEBUG c.m.f.p.w.f.SessionDependentWines - Finding winesamples in session:cz.muni.fi.pv168.winetasting.backend.WineTastingSession@c6ffc563
2016-05-19 08:04:41 [SwingWorker-pool-1-thread-5] DEBUG c.m.f.p.w.b.WineTastingManagerImpl - Finding all wines in session cz.muni.fi.pv168.winetasting.backend.WineTastingSession@e13bac8d
2016-05-19 08:04:41 [AWT-EventQueue-0] DEBUG c.m.f.p.w.f.SessionDependentWines - Finding winesamples in session:cz.muni.fi.pv168.winetasting.backend.WineTastingSession@e13bac8d
2016-05-19 08:04:44 [SwingWorker-pool-1-thread-6] DEBUG c.m.f.p.w.b.WineTastingManagerImpl - Finding all wines in session cz.muni.fi.pv168.winetasting.backend.WineTastingSession@f5115ae1
2016-05-19 08:04:44 [SwingWorker-pool-1-thread-6] DEBUG c.m.f.p.w.backend.WineSampleDAOImpl - Finding wine sample by ID 7
2016-05-19 08:04:44 [SwingWorker-pool-1-thread-6] DEBUG c.m.f.p.w.backend.WineSampleDAOImpl - Finding wine sample by ID 8
2016-05-19 08:04:44 [SwingWorker-pool-1-thread-6] DEBUG c.m.f.p.w.backend.WineSampleDAOImpl - Finding wine sample by ID 9
2016-05-19 08:04:44 [AWT-EventQueue-0] DEBUG c.m.f.p.w.f.SessionDependentWines - Finding winesamples in session:cz.muni.fi.pv168.winetasting.backend.WineTastingSession@f5115ae1
2016-05-19 08:04:47 [SwingWorker-pool-1-thread-7] DEBUG c.m.f.p.w.b.WineTastingManagerImpl - Finding all wines in session cz.muni.fi.pv168.winetasting.backend.WineTastingSession@e13bac8d
2016-05-19 08:04:47 [AWT-EventQueue-0] DEBUG c.m.f.p.w.f.SessionDependentWines - Finding winesamples in session:cz.muni.fi.pv168.winetasting.backend.WineTastingSession@e13bac8d
2016-05-19 08:04:48 [SwingWorker-pool-1-thread-8] DEBUG c.m.f.p.w.backend.WineSampleDAOImpl - Finding all unsessioned wines
2016-05-19 08:04:48 [SwingWorker-pool-1-thread-8] DEBUG c.m.f.p.w.backend.WineSampleDAOImpl - Finding all wine samples
2016-05-19 08:04:48 [AWT-EventQueue-0] DEBUG c.m.f.p.w.frontend.SessionLessWines - Finding all unsessioned wines
2016-05-19 08:05:38 [SwingWorker-pool-1-thread-9] DEBUG c.m.f.p.w.b.WineTastingManagerImpl - Finding all wines in session cz.muni.fi.pv168.winetasting.backend.WineTastingSession@c6ffc563
2016-05-19 08:05:38 [AWT-EventQueue-0] DEBUG c.m.f.p.w.f.SessionDependentWines - Finding winesamples in session:cz.muni.fi.pv168.winetasting.backend.WineTastingSession@c6ffc563
2016-05-19 08:05:42 [SwingWorker-pool-1-thread-10] DEBUG c.m.f.p.w.backend.WineSampleDAOImpl - Finding all unsessioned wines
2016-05-19 08:05:42 [SwingWorker-pool-1-thread-10] DEBUG c.m.f.p.w.backend.WineSampleDAOImpl - Finding all wine samples
2016-05-19 08:05:42 [AWT-EventQueue-0] DEBUG c.m.f.p.w.frontend.SessionLessWines - Finding all unsessioned wines
2016-05-19 08:05:53 [SwingWorker-pool-1-thread-1] DEBUG c.m.f.p.w.frontend.SessionLessWines - Assigning wines to session in background
2016-05-19 08:05:53 [SwingWorker-pool-1-thread-1] DEBUG c.m.f.p.w.b.WineTastingManagerImpl - Assigning wine: WineSample{id=30} to session: cz.muni.fi.pv168.winetasting.backend.WineTastingSession@c6ffc563
2016-05-19 08:05:54 [AWT-EventQueue-0] DEBUG c.m.f.p.w.frontend.SessionLessWines - Assigning wines to session
2016-05-19 08:06:03 [SwingWorker-pool-1-thread-2] DEBUG c.m.f.p.w.f.SessionDependentWines - Assigning rating to wine in background
2016-05-19 08:06:03 [SwingWorker-pool-1-thread-2] DEBUG c.m.f.p.w.b.WineTastingManagerImpl - Assigning rating 90 to wine WineSample{id=30} is session cz.muni.fi.pv168.winetasting.backend.WineTastingSession@c6ffc563
2016-05-19 08:06:03 [AWT-EventQueue-0] DEBUG c.m.f.p.w.f.SessionDependentWines - Assigning rating to wine
2016-05-19 08:06:09 [SwingWorker-pool-1-thread-3] DEBUG c.m.f.p.w.f.SessionDependentWines - Removing wines from session in background
2016-05-19 08:06:09 [SwingWorker-pool-1-thread-3] DEBUG c.m.f.p.w.b.WineTastingManagerImpl - removing wine WineSample{id=30} from session cz.muni.fi.pv168.winetasting.backend.WineTastingSession@c6ffc563
2016-05-19 08:06:09 [AWT-EventQueue-0] DEBUG c.m.f.p.w.f.SessionDependentWines - Removing wines from session
2016-05-19 08:06:34 [SwingWorker-pool-1-thread-4] DEBUG c.m.f.p.w.backend.WineSampleDAOImpl - Finding wine samples by variety Chardonnay
2016-05-19 08:06:34 [AWT-EventQueue-0] DEBUG c.m.f.p.w.frontend.MainWindow - Changing wineSample Model - filtering wine samples by variety
2016-05-19 08:06:41 [SwingWorker-pool-1-thread-5] DEBUG c.m.f.p.w.backend.WineSampleDAOImpl - Finding all wine samples
2016-05-19 08:06:41 [AWT-EventQueue-0] DEBUG c.m.f.p.w.frontend.MainWindow - Changing wineSample model - all wineSamples are loaded from database.
2016-05-19 08:10:53 [SwingWorker-pool-1-thread-1] DEBUG c.m.f.p.w.backend.WineSampleDAOImpl - Finding all wine samples
2016-05-19 08:10:53 [SwingWorker-pool-1-thread-2] DEBUG c.m.f.p.w.backend.WineTastingDAOImpl - Finding all sessions
2016-05-19 08:10:53 [AWT-EventQueue-0] DEBUG c.m.f.p.w.frontend.MainWindow - Changing wineSample Model - Finding all Sessions
2016-05-19 08:10:53 [AWT-EventQueue-0] DEBUG c.m.f.p.w.frontend.MainWindow - Changing wineSample model - all wineSamples are loaded from database.
2016-05-19 08:11:21 [SwingWorker-pool-1-thread-3] DEBUG c.m.f.p.winetasting.frontend.AddWine - Creating new sample in background
2016-05-19 08:11:21 [SwingWorker-pool-1-thread-3] DEBUG c.m.f.p.w.backend.WineSampleDAOImpl - Creatring wine sample WineSample{id=null}
2016-05-19 08:11:21 [AWT-EventQueue-0] DEBUG c.m.f.p.winetasting.frontend.AddWine - Modifing wineSampleModel - adding new wine:WineSample{id=91}
2016-05-19 08:11:44 [SwingWorker-pool-1-thread-4] DEBUG c.m.f.p.winetasting.frontend.AddWine - Updating wine sample in background
2016-05-19 08:11:44 [SwingWorker-pool-1-thread-4] DEBUG c.m.f.p.w.backend.WineSampleDAOImpl - Updating wine sample WineSample{id=91}
2016-05-19 08:11:44 [AWT-EventQueue-0] DEBUG c.m.f.p.winetasting.frontend.AddWine - Modifing wineSampleModel - updating wine: WineSample{id=91}
2016-05-19 08:11:52 [SwingWorker-pool-1-thread-5] DEBUG c.m.f.p.w.backend.WineSampleDAOImpl - Deleting wine sample WineSample{id=91}
2016-05-19 08:11:52 [AWT-EventQueue-0] DEBUG c.m.f.p.w.frontend.MainWindow - Changing wineSample Model - Deleting wine sample
2016-05-19 08:12:11 [SwingWorker-pool-1-thread-6] DEBUG c.m.f.p.w.backend.WineSampleDAOImpl - Finding wine samples by variety Chardonnay
2016-05-19 08:12:11 [AWT-EventQueue-0] DEBUG c.m.f.p.w.frontend.MainWindow - Changing wineSample Model - filtering wine samples by variety
2016-05-19 08:12:13 [SwingWorker-pool-1-thread-7] DEBUG c.m.f.p.w.backend.WineSampleDAOImpl - Finding all wine samples
2016-05-19 08:12:13 [AWT-EventQueue-0] DEBUG c.m.f.p.w.frontend.MainWindow - Changing wineSample model - all wineSamples are loaded from database.
2016-05-19 08:13:01 [SwingWorker-pool-1-thread-8] DEBUG c.m.f.p.w.backend.WineTastingDAOImpl - Deleting session cz.muni.fi.pv168.winetasting.backend.WineTastingSession@248ebc57
2016-05-19 08:13:01 [SwingWorker-pool-1-thread-8] ERROR c.m.f.p.w.backend.WineTastingDAOImpl - Error when deleting session
2016-05-19 08:13:04 [AWT-EventQueue-0] ERROR c.m.f.p.w.frontend.MainWindow - Exception thrown while deleting sessioncz.muni.fi.pv168.winetasting.backend.Exceptions.ServiceFailureException: cz.muni.fi.pv168.winetasting.backend.WineTastingSession@248ebc57
2016-05-19 08:13:07 [SwingWorker-pool-1-thread-9] DEBUG c.m.f.p.w.b.WineTastingManagerImpl - Finding all wines in session cz.muni.fi.pv168.winetasting.backend.WineTastingSession@248ebc57
2016-05-19 08:13:07 [SwingWorker-pool-1-thread-9] DEBUG c.m.f.p.w.backend.WineSampleDAOImpl - Finding wine sample by ID 1
2016-05-19 08:13:07 [SwingWorker-pool-1-thread-9] DEBUG c.m.f.p.w.backend.WineSampleDAOImpl - Finding wine sample by ID 2
2016-05-19 08:13:07 [SwingWorker-pool-1-thread-9] DEBUG c.m.f.p.w.backend.WineSampleDAOImpl - Finding wine sample by ID 3
2016-05-19 08:13:07 [SwingWorker-pool-1-thread-9] DEBUG c.m.f.p.w.backend.WineSampleDAOImpl - Finding wine sample by ID 4
2016-05-19 08:13:07 [AWT-EventQueue-0] DEBUG c.m.f.p.w.f.SessionDependentWines - Finding winesamples in session:cz.muni.fi.pv168.winetasting.backend.WineTastingSession@248ebc57
2016-05-19 08:13:23 [SwingWorker-pool-1-thread-10] DEBUG c.m.f.p.w.b.WineTastingManagerImpl - Finding all wines in session cz.muni.fi.pv168.winetasting.backend.WineTastingSession@c6ffc563
2016-05-19 08:13:23 [AWT-EventQueue-0] DEBUG c.m.f.p.w.f.SessionDependentWines - Finding winesamples in session:cz.muni.fi.pv168.winetasting.backend.WineTastingSession@c6ffc563
2016-05-19 08:13:27 [SwingWorker-pool-1-thread-1] DEBUG c.m.f.p.w.backend.WineSampleDAOImpl - Finding all unsessioned wines
2016-05-19 08:13:27 [SwingWorker-pool-1-thread-1] DEBUG c.m.f.p.w.backend.WineSampleDAOImpl - Finding all wine samples
2016-05-19 08:13:27 [AWT-EventQueue-0] DEBUG c.m.f.p.w.frontend.SessionLessWines - Finding all unsessioned wines
2016-05-19 08:13:39 [SwingWorker-pool-1-thread-2] DEBUG c.m.f.p.w.frontend.SessionLessWines - Assigning wines to session in background
2016-05-19 08:13:39 [SwingWorker-pool-1-thread-2] DEBUG c.m.f.p.w.b.WineTastingManagerImpl - Assigning wine: WineSample{id=11} to session: cz.muni.fi.pv168.winetasting.backend.WineTastingSession@c6ffc563
2016-05-19 08:13:39 [SwingWorker-pool-1-thread-2] DEBUG c.m.f.p.w.b.WineTastingManagerImpl - Assigning wine: WineSample{id=12} to session: cz.muni.fi.pv168.winetasting.backend.WineTastingSession@c6ffc563
2016-05-19 08:13:39 [SwingWorker-pool-1-thread-2] DEBUG c.m.f.p.w.b.WineTastingManagerImpl - Assigning wine: WineSample{id=13} to session: cz.muni.fi.pv168.winetasting.backend.WineTastingSession@c6ffc563
2016-05-19 08:13:39 [SwingWorker-pool-1-thread-2] DEBUG c.m.f.p.w.b.WineTastingManagerImpl - Assigning wine: WineSample{id=14} to session: cz.muni.fi.pv168.winetasting.backend.WineTastingSession@c6ffc563
2016-05-19 08:13:39 [SwingWorker-pool-1-thread-2] DEBUG c.m.f.p.w.b.WineTastingManagerImpl - Assigning wine: WineSample{id=15} to session: cz.muni.fi.pv168.winetasting.backend.WineTastingSession@c6ffc563
2016-05-19 08:13:39 [SwingWorker-pool-1-thread-2] DEBUG c.m.f.p.w.b.WineTastingManagerImpl - Assigning wine: WineSample{id=16} to session: cz.muni.fi.pv168.winetasting.backend.WineTastingSession@c6ffc563
2016-05-19 08:13:39 [SwingWorker-pool-1-thread-2] DEBUG c.m.f.p.w.b.WineTastingManagerImpl - Assigning wine: WineSample{id=17} to session: cz.muni.fi.pv168.winetasting.backend.WineTastingSession@c6ffc563
2016-05-19 08:13:39 [SwingWorker-pool-1-thread-2] DEBUG c.m.f.p.w.b.WineTastingManagerImpl - Assigning wine: WineSample{id=18} to session: cz.muni.fi.pv168.winetasting.backend.WineTastingSession@c6ffc563
2016-05-19 08:13:39 [SwingWorker-pool-1-thread-2] DEBUG c.m.f.p.w.b.WineTastingManagerImpl - Assigning wine: WineSample{id=19} to session: cz.muni.fi.pv168.winetasting.backend.WineTastingSession@c6ffc563
2016-05-19 08:13:39 [SwingWorker-pool-1-thread-2] DEBUG c.m.f.p.w.b.WineTastingManagerImpl - Assigning wine: WineSample{id=20} to session: cz.muni.fi.pv168.winetasting.backend.WineTastingSession@c6ffc563
2016-05-19 08:13:39 [SwingWorker-pool-1-thread-2] DEBUG c.m.f.p.w.b.WineTastingManagerImpl - Assigning wine: WineSample{id=21} to session: cz.muni.fi.pv168.winetasting.backend.WineTastingSession@c6ffc563
2016-05-19 08:13:39 [SwingWorker-pool-1-thread-2] DEBUG c.m.f.p.w.b.WineTastingManagerImpl - Assigning wine: WineSample{id=22} to session: cz.muni.fi.pv168.winetasting.backend.WineTastingSession@c6ffc563
2016-05-19 08:13:39 [SwingWorker-pool-1-thread-2] DEBUG c.m.f.p.w.b.WineTastingManagerImpl - Assigning wine: WineSample{id=23} to session: cz.muni.fi.pv168.winetasting.backend.WineTastingSession@c6ffc563
2016-05-19 08:13:39 [SwingWorker-pool-1-thread-2] DEBUG c.m.f.p.w.b.WineTastingManagerImpl - Assigning wine: WineSample{id=24} to session: cz.muni.fi.pv168.winetasting.backend.WineTastingSession@c6ffc563
2016-05-19 08:13:39 [AWT-EventQueue-0] DEBUG c.m.f.p.w.frontend.SessionLessWines - Assigning wines to session
2016-05-19 08:13:49 [SwingWorker-pool-1-thread-3] DEBUG c.m.f.p.w.f.SessionDependentWines - Assigning rating to wine in background
2016-05-19 08:13:49 [SwingWorker-pool-1-thread-3] DEBUG c.m.f.p.w.b.WineTastingManagerImpl - Assigning rating 89 to wine WineSample{id=12} is session cz.muni.fi.pv168.winetasting.backend.WineTastingSession@c6ffc563
2016-05-19 08:13:49 [AWT-EventQueue-0] DEBUG c.m.f.p.w.f.SessionDependentWines - Assigning rating to wine
2016-05-19 08:13:58 [SwingWorker-pool-1-thread-4] DEBUG c.m.f.p.w.f.SessionDependentWines - Assigning rating to wine in background
2016-05-19 08:13:58 [SwingWorker-pool-1-thread-4] DEBUG c.m.f.p.w.b.WineTastingManagerImpl - Assigning rating 79 to wine WineSample{id=19} is session cz.muni.fi.pv168.winetasting.backend.WineTastingSession@c6ffc563
2016-05-19 08:13:58 [AWT-EventQueue-0] DEBUG c.m.f.p.w.f.SessionDependentWines - Assigning rating to wine
2016-05-19 08:14:09 [SwingWorker-pool-1-thread-5] DEBUG c.m.f.p.w.f.SessionDependentWines - Removing wines from session in background
2016-05-19 08:14:09 [SwingWorker-pool-1-thread-5] DEBUG c.m.f.p.w.b.WineTastingManagerImpl - removing wine WineSample{id=11} from session cz.muni.fi.pv168.winetasting.backend.WineTastingSession@c6ffc563
2016-05-19 08:14:09 [AWT-EventQueue-0] DEBUG c.m.f.p.w.f.SessionDependentWines - Removing wines from session
2016-05-19 08:16:10 [SwingWorker-pool-1-thread-1] DEBUG c.m.f.p.w.backend.WineSampleDAOImpl - Finding all wine samples
2016-05-19 08:16:10 [SwingWorker-pool-1-thread-2] DEBUG c.m.f.p.w.backend.WineTastingDAOImpl - Finding all sessions
2016-05-19 08:16:11 [AWT-EventQueue-0] DEBUG c.m.f.p.w.frontend.MainWindow - Changing wineSample model - all wineSamples are loaded from database.
2016-05-19 08:16:11 [AWT-EventQueue-0] DEBUG c.m.f.p.w.frontend.MainWindow - Changing wineSample Model - Finding all Sessions
