2016-05-18 09:39:00 [main] ERROR c.m.f.p.w.frontend.MainWindow - Error while dropping database schema file:/home/lukas/skola/PV168/wineTasting/target/classes/dropTables.sqlException: ERROR 08001: java.net.ConnectException : Error connecting to server localhost on port 1,527 with message Connection refused.
2016-05-18 09:39:00 [AWT-EventQueue-0] ERROR c.m.f.p.w.frontend.MainWindow - Error while creating a database from SQL script file:/home/lukas/skola/PV168/wineTasting/target/classes/createTables.sqlException: ERROR 08001: java.net.ConnectException : Error connecting to server localhost on port 1,527 with message Connection refused.
2016-05-18 09:39:00 [AWT-EventQueue-0] ERROR c.m.f.p.w.frontend.MainWindow - Error while inserting test data in dabaase from SQL script file:/home/lukas/skola/PV168/wineTasting/target/classes/insertValues.sqlException: ERROR 08001: java.net.ConnectException : Error connecting to server localhost on port 1,527 with message Connection refused.
2016-05-18 09:39:00 [SwingWorker-pool-1-thread-2] ERROR c.m.f.p.w.backend.WineTastingDAOImpl - Error when finding all sessions
2016-05-18 09:39:00 [SwingWorker-pool-1-thread-1] ERROR c.m.f.p.w.backend.WineSampleDAOImpl - Error when finding all wine samples
java.sql.SQLNonTransientConnectionException: java.net.ConnectException : Error connecting to server localhost on port 1,527 with message Connection refused.
	at org.apache.derby.client.am.SQLExceptionFactory.getSQLException(Unknown Source) ~[derbyclient-10.11.1.1.jar:na]
	at org.apache.derby.client.am.SqlException.getSQLException(Unknown Source) ~[derbyclient-10.11.1.1.jar:na]
	at org.apache.derby.jdbc.BasicClientDataSource40.getConnection(Unknown Source) ~[derbyclient-10.11.1.1.jar:na]
	at cz.muni.fi.pv168.winetasting.backend.WineSampleDAOImpl.findAllWineSamples(WineSampleDAOImpl.java:226) ~[classes/:na]
	at cz.muni.fi.pv168.winetasting.frontend.MainWindow$FindAllWineSamplesWorker.doInBackground(MainWindow.java:100) [classes/:na]
	at cz.muni.fi.pv168.winetasting.frontend.MainWindow$FindAllWineSamplesWorker.doInBackground(MainWindow.java:96) [classes/:na]
	at javax.swing.SwingWorker$1.call(SwingWorker.java:295) [na:1.8.0_91]
	at java.util.concurrent.FutureTask.run(FutureTask.java:266) [na:1.8.0_91]
	at javax.swing.SwingWorker.run(SwingWorker.java:334) [na:1.8.0_91]
	at java.util.concurrent.ThreadPoolExecutor.runWorker(ThreadPoolExecutor.java:1142) [na:1.8.0_91]
	at java.util.concurrent.ThreadPoolExecutor$Worker.run(ThreadPoolExecutor.java:617) [na:1.8.0_91]
	at java.lang.Thread.run(Thread.java:745) [na:1.8.0_91]
Caused by: org.apache.derby.client.am.DisconnectException: java.net.ConnectException : Error connecting to server localhost on port 1,527 with message Connection refused.
	at org.apache.derby.client.net.NetAgent.<init>(Unknown Source) ~[derbyclient-10.11.1.1.jar:na]
	at org.apache.derby.client.net.NetConnection.newAgent_(Unknown Source) ~[derbyclient-10.11.1.1.jar:na]
	at org.apache.derby.client.am.ClientConnection.initConnection(Unknown Source) ~[derbyclient-10.11.1.1.jar:na]
	at org.apache.derby.client.am.ClientConnection.<init>(Unknown Source) ~[derbyclient-10.11.1.1.jar:na]
	at org.apache.derby.client.net.NetConnection.<init>(Unknown Source) ~[derbyclient-10.11.1.1.jar:na]
	at org.apache.derby.client.net.ClientJDBCObjectFactoryImpl.newNetConnection(Unknown Source) ~[derbyclient-10.11.1.1.jar:na]
	at org.apache.derby.jdbc.BasicClientDataSource40.getConnectionX(Unknown Source) ~[derbyclient-10.11.1.1.jar:na]
	... 10 common frames omitted
Caused by: java.net.ConnectException: Connection refused
	at java.net.PlainSocketImpl.socketConnect(Native Method) ~[na:1.8.0_91]
	at java.net.AbstractPlainSocketImpl.doConnect(AbstractPlainSocketImpl.java:350) ~[na:1.8.0_91]
	at java.net.AbstractPlainSocketImpl.connectToAddress(AbstractPlainSocketImpl.java:206) ~[na:1.8.0_91]
	at java.net.AbstractPlainSocketImpl.connect(AbstractPlainSocketImpl.java:188) ~[na:1.8.0_91]
	at java.net.SocksSocketImpl.connect(SocksSocketImpl.java:392) ~[na:1.8.0_91]
	at java.net.Socket.connect(Socket.java:589) ~[na:1.8.0_91]
	at java.net.Socket.connect(Socket.java:538) ~[na:1.8.0_91]
	at java.net.Socket.<init>(Socket.java:434) ~[na:1.8.0_91]
	at java.net.Socket.<init>(Socket.java:211) ~[na:1.8.0_91]
	at javax.net.DefaultSocketFactory.createSocket(SocketFactory.java:271) ~[na:1.8.0_91]
	at org.apache.derby.client.net.OpenSocketAction.run(Unknown Source) ~[derbyclient-10.11.1.1.jar:na]
	at org.apache.derby.client.net.OpenSocketAction.run(Unknown Source) ~[derbyclient-10.11.1.1.jar:na]
	at java.security.AccessController.doPrivileged(Native Method) ~[na:1.8.0_91]
	... 17 common frames omitted
2016-05-18 09:39:01 [AWT-EventQueue-0] DEBUG c.m.f.p.w.frontend.MainWindow - Changing wineSample Model - Finding all Sessions
2016-05-18 09:39:01 [AWT-EventQueue-0] ERROR c.m.f.p.w.frontend.MainWindow - Exception thrown while listing all sessionscz.muni.fi.pv168.winetasting.backend.Exceptions.ServiceFailureException: error retrieving all sessions
2016-05-18 09:39:01 [AWT-EventQueue-0] DEBUG c.m.f.p.w.frontend.MainWindow - Changing wineSample model - all wineSamples are loaded from database.
2016-05-18 09:39:01 [AWT-EventQueue-0] ERROR c.m.f.p.w.frontend.MainWindow - Exception was thrown in FindAllWineSamplesWorker in method doInBackGround cz.muni.fi.pv168.winetasting.backend.Exceptions.ServiceFailureException: error retrieving all wineSamples from db
2016-05-18 09:39:27 [main] ERROR c.m.f.p.w.frontend.MainWindow - Error while dropping database schema file:/home/lukas/skola/PV168/wineTasting/target/classes/dropTables.sqlException: ERROR X0Y25: Operation 'DROP CONSTRAINT' cannot be performed on object 'SQL160517171705600' because CONSTRAINT 'SQL160517171705872' is dependent on that object.
2016-05-18 09:39:27 [AWT-EventQueue-0] ERROR c.m.f.p.w.frontend.MainWindow - Error while creating a database from SQL script file:/home/lukas/skola/PV168/wineTasting/target/classes/createTables.sqlException: ERROR X0Y32: Table/View 'WINESAMPLE' already exists in Schema 'APP'.
2016-05-18 09:39:28 [SwingWorker-pool-1-thread-2] DEBUG c.m.f.p.w.backend.WineTastingDAOImpl - Finding all sessions
2016-05-18 09:39:28 [SwingWorker-pool-1-thread-1] DEBUG c.m.f.p.w.backend.WineSampleDAOImpl - Finding all wine samples
2016-05-18 09:39:28 [AWT-EventQueue-0] DEBUG c.m.f.p.w.frontend.MainWindow - Changing wineSample model - all wineSamples are loaded from database.
2016-05-18 09:39:28 [AWT-EventQueue-0] DEBUG c.m.f.p.w.frontend.MainWindow - Changing wineSample Model - Finding all Sessions
2016-05-18 09:41:21 [main] DEBUG c.m.f.p.w.backend.WineSampleDAOImpl - Finding all wine samples
2016-05-18 09:41:21 [main] DEBUG c.m.f.p.w.backend.WineSampleDAOImpl - Creatring wine sample WineSample{id=null}
2016-05-18 09:41:21 [main] DEBUG c.m.f.p.w.backend.WineSampleDAOImpl - Creatring wine sample WineSample{id=null}
2016-05-18 09:41:21 [main] DEBUG c.m.f.p.w.backend.WineSampleDAOImpl - Creatring wine sample WineSample{id=null}
2016-05-18 09:41:21 [main] DEBUG c.m.f.p.w.backend.WineSampleDAOImpl - Finding all wine samples
2016-05-18 09:41:21 [main] DEBUG c.m.f.p.w.backend.WineSampleDAOImpl - Creatring wine sample WineSample{id=null}
2016-05-18 09:41:21 [main] DEBUG c.m.f.p.w.backend.WineSampleDAOImpl - Finding wine sample by ID 1
2016-05-18 09:41:21 [main] DEBUG c.m.f.p.w.backend.WineSampleDAOImpl - Creatring wine sample WineSample{id=null}
2016-05-18 09:41:21 [main] DEBUG c.m.f.p.w.backend.WineSampleDAOImpl - Creatring wine sample WineSample{id=null}
2016-05-18 09:41:21 [main] DEBUG c.m.f.p.w.backend.WineTastingDAOImpl - Creating session cz.muni.fi.pv168.winetasting.backend.WineTastingSession@357030b8
2016-05-18 09:41:21 [main] DEBUG c.m.f.p.w.b.WineTastingManagerImpl - Assigning wine: WineSample{id=1} to session: cz.muni.fi.pv168.winetasting.backend.WineTastingSession@35703479
2016-05-18 09:41:21 [main] DEBUG c.m.f.p.w.backend.WineSampleDAOImpl - Finding all unsessioned wines
2016-05-18 09:41:21 [main] DEBUG c.m.f.p.w.backend.WineSampleDAOImpl - Finding all wine samples
2016-05-18 09:41:21 [main] DEBUG c.m.f.p.w.backend.WineSampleDAOImpl - Finding all wine samples
2016-05-18 09:41:21 [main] DEBUG c.m.f.p.w.backend.WineSampleDAOImpl - Creatring wine sample WineSample{id=null}
2016-05-18 09:41:21 [main] DEBUG c.m.f.p.w.backend.WineSampleDAOImpl - Finding all wine samples
2016-05-18 09:41:21 [main] DEBUG c.m.f.p.w.backend.WineSampleDAOImpl - Deleting wine sample WineSample{id=1}
2016-05-18 09:41:21 [main] DEBUG c.m.f.p.w.backend.WineSampleDAOImpl - Finding wine sample by ID 1
2016-05-18 09:41:21 [main] DEBUG c.m.f.p.w.backend.WineSampleDAOImpl - Finding all wine samples
2016-05-18 09:41:21 [main] DEBUG c.m.f.p.w.backend.WineSampleDAOImpl - Finding all wine samples
2016-05-18 09:41:21 [main] DEBUG c.m.f.p.w.backend.WineSampleDAOImpl - Creatring wine sample WineSample{id=null}
2016-05-18 09:41:21 [main] DEBUG c.m.f.p.w.backend.WineSampleDAOImpl - Finding all wine samples
2016-05-18 09:41:21 [main] DEBUG c.m.f.p.w.backend.WineSampleDAOImpl - Updating wine sample WineSample{id=1}
2016-05-18 09:41:21 [main] DEBUG c.m.f.p.w.backend.WineSampleDAOImpl - Finding wine sample by ID 1
2016-05-18 09:41:21 [main] DEBUG c.m.f.p.w.backend.WineSampleDAOImpl - Finding all wine samples
2016-05-18 09:41:21 [main] DEBUG c.m.f.p.w.backend.WineSampleDAOImpl - Creatring wine sample WineSample{id=null}
2016-05-18 09:41:21 [main] DEBUG c.m.f.p.w.backend.WineSampleDAOImpl - Finding wine sample by ID 1
2016-05-18 09:41:21 [main] DEBUG c.m.f.p.w.backend.WineSampleDAOImpl - Finding all wine samples
2016-05-18 09:41:21 [main] DEBUG c.m.f.p.w.backend.WineSampleDAOImpl - Creatring wine sample WineSample{id=null}
2016-05-18 09:41:21 [main] DEBUG c.m.f.p.w.backend.WineSampleDAOImpl - Creatring wine sample WineSample{id=null}
2016-05-18 09:41:21 [main] DEBUG c.m.f.p.w.backend.WineSampleDAOImpl - Creatring wine sample WineSample{id=null}
2016-05-18 09:41:21 [main] DEBUG c.m.f.p.w.backend.WineSampleDAOImpl - Creatring wine sample WineSample{id=null}
2016-05-18 09:41:21 [main] DEBUG c.m.f.p.w.backend.WineSampleDAOImpl - Finding wine samples by variety Rizling
2016-05-18 09:41:21 [main] DEBUG c.m.f.p.w.backend.WineTastingDAOImpl - Creating session cz.muni.fi.pv168.winetasting.backend.WineTastingSession@357030b8
2016-05-18 09:41:21 [main] DEBUG c.m.f.p.w.backend.WineTastingDAOImpl - Finding sessions by date
2016-05-18 09:41:21 [main] DEBUG c.m.f.p.w.backend.WineTastingDAOImpl - Creating session cz.muni.fi.pv168.winetasting.backend.WineTastingSession@357030b8
2016-05-18 09:41:21 [main] DEBUG c.m.f.p.w.backend.WineTastingDAOImpl - Creating session cz.muni.fi.pv168.winetasting.backend.WineTastingSession@357030b9
2016-05-18 09:41:21 [main] DEBUG c.m.f.p.w.backend.WineTastingDAOImpl - Creating session cz.muni.fi.pv168.winetasting.backend.WineTastingSession@357030ba
2016-05-18 09:41:21 [main] DEBUG c.m.f.p.w.backend.WineTastingDAOImpl - Finding all sessions
2016-05-18 09:41:21 [main] DEBUG c.m.f.p.w.backend.WineTastingDAOImpl - Creating session cz.muni.fi.pv168.winetasting.backend.WineTastingSession@357030b8
2016-05-18 09:41:21 [main] DEBUG c.m.f.p.w.backend.WineTastingDAOImpl - Creating session cz.muni.fi.pv168.winetasting.backend.WineTastingSession@357030b9
2016-05-18 09:41:21 [main] DEBUG c.m.f.p.w.backend.WineTastingDAOImpl - Creating session cz.muni.fi.pv168.winetasting.backend.WineTastingSession@357030ba
2016-05-18 09:41:21 [main] DEBUG c.m.f.p.w.backend.WineTastingDAOImpl - Updating session: cz.muni.fi.pv168.winetasting.backend.WineTastingSession@78d6473d
2016-05-18 09:41:21 [main] DEBUG c.m.f.p.w.backend.WineTastingDAOImpl - Finding all sessions
2016-05-18 09:41:21 [main] DEBUG c.m.f.p.w.backend.WineTastingDAOImpl - Creating session cz.muni.fi.pv168.winetasting.backend.WineTastingSession@357030b8
2016-05-18 09:41:21 [main] DEBUG c.m.f.p.w.backend.WineTastingDAOImpl - Creating session cz.muni.fi.pv168.winetasting.backend.WineTastingSession@357030b9
2016-05-18 09:41:21 [main] DEBUG c.m.f.p.w.backend.WineTastingDAOImpl - Creating session cz.muni.fi.pv168.winetasting.backend.WineTastingSession@357030ba
2016-05-18 09:41:21 [main] DEBUG c.m.f.p.w.backend.WineTastingDAOImpl - Deleting session cz.muni.fi.pv168.winetasting.backend.WineTastingSession@35703479
2016-05-18 09:41:21 [main] DEBUG c.m.f.p.w.backend.WineTastingDAOImpl - Finding all sessions
2016-05-18 09:41:29 [SwingWorker-pool-1-thread-1] DEBUG c.m.f.p.w.backend.WineSampleDAOImpl - Finding all wine samples
2016-05-18 09:41:29 [SwingWorker-pool-1-thread-2] DEBUG c.m.f.p.w.backend.WineTastingDAOImpl - Finding all sessions
2016-05-18 09:41:30 [AWT-EventQueue-0] DEBUG c.m.f.p.w.frontend.MainWindow - Changing wineSample model - all wineSamples are loaded from database.
2016-05-18 09:41:30 [AWT-EventQueue-0] DEBUG c.m.f.p.w.frontend.MainWindow - Changing wineSample Model - Finding all Sessions
2016-05-18 09:41:44 [SwingWorker-pool-1-thread-3] DEBUG c.m.f.p.w.backend.WineTastingDAOImpl - Deleting session cz.muni.fi.pv168.winetasting.backend.WineTastingSession@f5115ae1
2016-05-18 09:41:44 [SwingWorker-pool-1-thread-3] ERROR c.m.f.p.w.backend.WineTastingDAOImpl - Error when deleting session
2016-05-18 09:41:49 [AWT-EventQueue-0] ERROR c.m.f.p.w.frontend.MainWindow - Exception thrown while deleting sessioncz.muni.fi.pv168.winetasting.backend.Exceptions.ServiceFailureException: cz.muni.fi.pv168.winetasting.backend.WineTastingSession@f5115ae1
2016-05-18 09:41:55 [SwingWorker-pool-1-thread-4] DEBUG c.m.f.p.w.backend.WineTastingDAOImpl - Deleting session cz.muni.fi.pv168.winetasting.backend.WineTastingSession@224c4016
2016-05-18 09:41:55 [AWT-EventQueue-0] DEBUG c.m.f.p.w.frontend.MainWindow - Changing wineSample Model - Deleting wineSession
