2017-05-17 15:08:14 [main] DEBUG c.m.f.p.w.backend.WineSampleDAOImpl - Finding all wine samples
2017-05-17 15:08:14 [main] DEBUG c.m.f.p.w.backend.WineSampleDAOImpl - Creatring wine sample WineSample{id=null}
2017-05-17 15:08:14 [main] DEBUG c.m.f.p.w.backend.WineSampleDAOImpl - Creatring wine sample WineSample{id=null}
2017-05-17 15:08:14 [main] DEBUG c.m.f.p.w.backend.WineSampleDAOImpl - Creatring wine sample WineSample{id=null}
2017-05-17 15:08:14 [main] DEBUG c.m.f.p.w.backend.WineSampleDAOImpl - Finding all wine samples
2017-05-17 15:08:14 [main] DEBUG c.m.f.p.w.backend.WineSampleDAOImpl - Creatring wine sample WineSample{id=null}
2017-05-17 15:08:14 [main] DEBUG c.m.f.p.w.backend.WineSampleDAOImpl - Finding wine sample by ID 1
2017-05-17 15:08:14 [main] DEBUG c.m.f.p.w.backend.WineSampleDAOImpl - Creatring wine sample WineSample{id=null}
2017-05-17 15:08:14 [main] DEBUG c.m.f.p.w.backend.WineSampleDAOImpl - Creatring wine sample WineSample{id=null}
2017-05-17 15:08:14 [main] DEBUG c.m.f.p.w.backend.WineTastingDAOImpl - Creating session cz.muni.fi.pv168.winetasting.backend.WineTastingSession@357030b8
2017-05-17 15:08:14 [main] DEBUG c.m.f.p.w.b.WineTastingManagerImpl - Assigning wine: WineSample{id=1} to session: cz.muni.fi.pv168.winetasting.backend.WineTastingSession@35703479
2017-05-17 15:08:14 [main] DEBUG c.m.f.p.w.backend.WineSampleDAOImpl - Finding all unsessioned wines
2017-05-17 15:08:14 [main] DEBUG c.m.f.p.w.backend.WineSampleDAOImpl - Finding all wine samples
2017-05-17 15:08:14 [main] DEBUG c.m.f.p.w.backend.WineSampleDAOImpl - Finding all wine samples
2017-05-17 15:08:14 [main] DEBUG c.m.f.p.w.backend.WineSampleDAOImpl - Creatring wine sample WineSample{id=null}
2017-05-17 15:08:14 [main] DEBUG c.m.f.p.w.backend.WineSampleDAOImpl - Finding all wine samples
2017-05-17 15:08:14 [main] DEBUG c.m.f.p.w.backend.WineSampleDAOImpl - Deleting wine sample WineSample{id=1}
2017-05-17 15:08:14 [main] DEBUG c.m.f.p.w.backend.WineSampleDAOImpl - Finding wine sample by ID 1
2017-05-17 15:08:14 [main] DEBUG c.m.f.p.w.backend.WineSampleDAOImpl - Finding all wine samples
2017-05-17 15:08:14 [main] DEBUG c.m.f.p.w.backend.WineSampleDAOImpl - Finding all wine samples
2017-05-17 15:08:14 [main] DEBUG c.m.f.p.w.backend.WineSampleDAOImpl - Creatring wine sample WineSample{id=null}
2017-05-17 15:08:15 [main] DEBUG c.m.f.p.w.backend.WineSampleDAOImpl - Finding all wine samples
2017-05-17 15:08:15 [main] DEBUG c.m.f.p.w.backend.WineSampleDAOImpl - Updating wine sample WineSample{id=1}
2017-05-17 15:08:15 [main] DEBUG c.m.f.p.w.backend.WineSampleDAOImpl - Finding wine sample by ID 1
2017-05-17 15:08:15 [main] DEBUG c.m.f.p.w.backend.WineSampleDAOImpl - Finding all wine samples
2017-05-17 15:08:15 [main] DEBUG c.m.f.p.w.backend.WineSampleDAOImpl - Creatring wine sample WineSample{id=null}
2017-05-17 15:08:15 [main] DEBUG c.m.f.p.w.backend.WineSampleDAOImpl - Finding wine sample by ID 1
2017-05-17 15:08:15 [main] DEBUG c.m.f.p.w.backend.WineSampleDAOImpl - Finding all wine samples
2017-05-17 15:08:15 [main] DEBUG c.m.f.p.w.backend.WineSampleDAOImpl - Creatring wine sample WineSample{id=null}
2017-05-17 15:08:15 [main] DEBUG c.m.f.p.w.backend.WineSampleDAOImpl - Creatring wine sample WineSample{id=null}
2017-05-17 15:08:15 [main] DEBUG c.m.f.p.w.backend.WineSampleDAOImpl - Creatring wine sample WineSample{id=null}
2017-05-17 15:08:15 [main] DEBUG c.m.f.p.w.backend.WineSampleDAOImpl - Creatring wine sample WineSample{id=null}
2017-05-17 15:08:15 [main] DEBUG c.m.f.p.w.backend.WineSampleDAOImpl - Finding wine samples by variety Rizling
2017-05-17 15:08:15 [main] DEBUG c.m.f.p.w.backend.WineTastingDAOImpl - Creating session cz.muni.fi.pv168.winetasting.backend.WineTastingSession@357030b8
2017-05-17 15:08:15 [main] DEBUG c.m.f.p.w.backend.WineTastingDAOImpl - Finding sessions by date
2017-05-17 15:08:15 [main] DEBUG c.m.f.p.w.backend.WineTastingDAOImpl - Creating session cz.muni.fi.pv168.winetasting.backend.WineTastingSession@357030b8
2017-05-17 15:08:15 [main] DEBUG c.m.f.p.w.backend.WineTastingDAOImpl - Creating session cz.muni.fi.pv168.winetasting.backend.WineTastingSession@357030b9
2017-05-17 15:08:15 [main] DEBUG c.m.f.p.w.backend.WineTastingDAOImpl - Creating session cz.muni.fi.pv168.winetasting.backend.WineTastingSession@357030ba
2017-05-17 15:08:15 [main] DEBUG c.m.f.p.w.backend.WineTastingDAOImpl - Finding all sessions
2017-05-17 15:08:15 [main] DEBUG c.m.f.p.w.backend.WineTastingDAOImpl - Creating session cz.muni.fi.pv168.winetasting.backend.WineTastingSession@357030b8
2017-05-17 15:08:15 [main] DEBUG c.m.f.p.w.backend.WineTastingDAOImpl - Creating session cz.muni.fi.pv168.winetasting.backend.WineTastingSession@357030b9
2017-05-17 15:08:15 [main] DEBUG c.m.f.p.w.backend.WineTastingDAOImpl - Creating session cz.muni.fi.pv168.winetasting.backend.WineTastingSession@357030ba
2017-05-17 15:08:15 [main] DEBUG c.m.f.p.w.backend.WineTastingDAOImpl - Updating session: cz.muni.fi.pv168.winetasting.backend.WineTastingSession@78d6473d
2017-05-17 15:08:15 [main] DEBUG c.m.f.p.w.backend.WineTastingDAOImpl - Finding all sessions
2017-05-17 15:08:15 [main] DEBUG c.m.f.p.w.backend.WineTastingDAOImpl - Creating session cz.muni.fi.pv168.winetasting.backend.WineTastingSession@357030b8
2017-05-17 15:08:15 [main] DEBUG c.m.f.p.w.backend.WineTastingDAOImpl - Creating session cz.muni.fi.pv168.winetasting.backend.WineTastingSession@357030b9
2017-05-17 15:08:15 [main] DEBUG c.m.f.p.w.backend.WineTastingDAOImpl - Creating session cz.muni.fi.pv168.winetasting.backend.WineTastingSession@357030ba
2017-05-17 15:08:15 [main] DEBUG c.m.f.p.w.backend.WineTastingDAOImpl - Deleting session cz.muni.fi.pv168.winetasting.backend.WineTastingSession@35703479
2017-05-17 15:08:15 [main] DEBUG c.m.f.p.w.backend.WineTastingDAOImpl - Finding all sessions
2017-05-17 15:08:31 [main] ERROR c.m.f.p.w.frontend.MainWindow - Error while dropping database schema file:/media/lukas/9636525B36523D05/skola/PV168/wineTasting/target/classes/dropTables.sqlException: ERROR 08001: java.net.ConnectException : Chyba při připojování k serveru localhost na portu 1 527 se zprávou: Connection refused (Connection refused).
2017-05-17 15:08:31 [AWT-EventQueue-0] ERROR c.m.f.p.w.frontend.MainWindow - Error while creating a database from SQL script file:/media/lukas/9636525B36523D05/skola/PV168/wineTasting/target/classes/createTables.sqlException: ERROR 08001: java.net.ConnectException : Chyba při připojování k serveru localhost na portu 1 527 se zprávou: Connection refused (Connection refused).
2017-05-17 15:08:31 [AWT-EventQueue-0] ERROR c.m.f.p.w.frontend.MainWindow - Error while inserting test data in dabaase from SQL script file:/media/lukas/9636525B36523D05/skola/PV168/wineTasting/target/classes/insertValues.sqlException: ERROR 08001: java.net.ConnectException : Chyba při připojování k serveru localhost na portu 1 527 se zprávou: Connection refused (Connection refused).
2017-05-17 15:08:31 [SwingWorker-pool-1-thread-2] ERROR c.m.f.p.w.backend.WineTastingDAOImpl - Error when finding all sessions
2017-05-17 15:08:31 [SwingWorker-pool-1-thread-1] ERROR c.m.f.p.w.backend.WineSampleDAOImpl - Error when finding all wine samples
java.sql.SQLNonTransientConnectionException: java.net.ConnectException : Chyba při připojování k serveru localhost na portu 1 527 se zprávou: Connection refused (Connection refused).
	at org.apache.derby.client.am.SQLExceptionFactory.getSQLException(Unknown Source) ~[derbyclient-10.11.1.1.jar:na]
	at org.apache.derby.client.am.SqlException.getSQLException(Unknown Source) ~[derbyclient-10.11.1.1.jar:na]
	at org.apache.derby.jdbc.BasicClientDataSource40.getConnection(Unknown Source) ~[derbyclient-10.11.1.1.jar:na]
	at cz.muni.fi.pv168.winetasting.backend.WineSampleDAOImpl.findAllWineSamples(WineSampleDAOImpl.java:226) ~[classes/:na]
	at cz.muni.fi.pv168.winetasting.frontend.MainWindow$FindAllWineSamplesWorker.doInBackground(MainWindow.java:102) [classes/:na]
	at cz.muni.fi.pv168.winetasting.frontend.MainWindow$FindAllWineSamplesWorker.doInBackground(MainWindow.java:98) [classes/:na]
	at javax.swing.SwingWorker$1.call(SwingWorker.java:295) [na:1.8.0_131]
	at java.util.concurrent.FutureTask.run(FutureTask.java:266) [na:1.8.0_131]
	at javax.swing.SwingWorker.run(SwingWorker.java:334) [na:1.8.0_131]
	at java.util.concurrent.ThreadPoolExecutor.runWorker(ThreadPoolExecutor.java:1142) [na:1.8.0_131]
	at java.util.concurrent.ThreadPoolExecutor$Worker.run(ThreadPoolExecutor.java:617) [na:1.8.0_131]
	at java.lang.Thread.run(Thread.java:748) [na:1.8.0_131]
Caused by: org.apache.derby.client.am.DisconnectException: java.net.ConnectException : Chyba při připojování k serveru localhost na portu 1 527 se zprávou: Connection refused (Connection refused).
	at org.apache.derby.client.net.NetAgent.<init>(Unknown Source) ~[derbyclient-10.11.1.1.jar:na]
	at org.apache.derby.client.net.NetConnection.newAgent_(Unknown Source) ~[derbyclient-10.11.1.1.jar:na]
	at org.apache.derby.client.am.ClientConnection.initConnection(Unknown Source) ~[derbyclient-10.11.1.1.jar:na]
	at org.apache.derby.client.am.ClientConnection.<init>(Unknown Source) ~[derbyclient-10.11.1.1.jar:na]
	at org.apache.derby.client.net.NetConnection.<init>(Unknown Source) ~[derbyclient-10.11.1.1.jar:na]
	at org.apache.derby.client.net.ClientJDBCObjectFactoryImpl.newNetConnection(Unknown Source) ~[derbyclient-10.11.1.1.jar:na]
	at org.apache.derby.jdbc.BasicClientDataSource40.getConnectionX(Unknown Source) ~[derbyclient-10.11.1.1.jar:na]
	... 10 common frames omitted
Caused by: java.net.ConnectException: Connection refused (Connection refused)
	at java.net.PlainSocketImpl.socketConnect(Native Method) ~[na:1.8.0_131]
	at java.net.AbstractPlainSocketImpl.doConnect(AbstractPlainSocketImpl.java:350) ~[na:1.8.0_131]
	at java.net.AbstractPlainSocketImpl.connectToAddress(AbstractPlainSocketImpl.java:206) ~[na:1.8.0_131]
	at java.net.AbstractPlainSocketImpl.connect(AbstractPlainSocketImpl.java:188) ~[na:1.8.0_131]
	at java.net.SocksSocketImpl.connect(SocksSocketImpl.java:392) ~[na:1.8.0_131]
	at java.net.Socket.connect(Socket.java:589) ~[na:1.8.0_131]
	at java.net.Socket.connect(Socket.java:538) ~[na:1.8.0_131]
	at java.net.Socket.<init>(Socket.java:434) ~[na:1.8.0_131]
	at java.net.Socket.<init>(Socket.java:211) ~[na:1.8.0_131]
	at javax.net.DefaultSocketFactory.createSocket(SocketFactory.java:271) ~[na:1.8.0_131]
	at org.apache.derby.client.net.OpenSocketAction.run(Unknown Source) ~[derbyclient-10.11.1.1.jar:na]
	at org.apache.derby.client.net.OpenSocketAction.run(Unknown Source) ~[derbyclient-10.11.1.1.jar:na]
	at java.security.AccessController.doPrivileged(Native Method) ~[na:1.8.0_131]
	... 17 common frames omitted
2017-05-17 15:08:31 [AWT-EventQueue-0] DEBUG c.m.f.p.w.frontend.MainWindow - Changing wineSample Model - Finding all Sessions
2017-05-17 15:08:31 [AWT-EventQueue-0] ERROR c.m.f.p.w.frontend.MainWindow - Exception thrown while listing all sessionscz.muni.fi.pv168.winetasting.backend.Exceptions.ServiceFailureException: error retrieving all sessions
2017-05-17 15:08:31 [AWT-EventQueue-0] DEBUG c.m.f.p.w.frontend.MainWindow - Changing wineSample model - all wineSamples are loaded from database.
2017-05-17 15:08:31 [AWT-EventQueue-0] ERROR c.m.f.p.w.frontend.MainWindow - Exception was thrown in FindAllWineSamplesWorker in method doInBackGround cz.muni.fi.pv168.winetasting.backend.Exceptions.ServiceFailureException: error retrieving all wineSamples from db
2017-05-17 15:08:36 [SwingWorker-pool-1-thread-3] ERROR c.m.f.p.w.backend.WineSampleDAOImpl - Error when finding all wine samples
java.sql.SQLNonTransientConnectionException: java.net.ConnectException : Chyba při připojování k serveru localhost na portu 1 527 se zprávou: Connection refused (Connection refused).
	at org.apache.derby.client.am.SQLExceptionFactory.getSQLException(Unknown Source) ~[derbyclient-10.11.1.1.jar:na]
	at org.apache.derby.client.am.SqlException.getSQLException(Unknown Source) ~[derbyclient-10.11.1.1.jar:na]
	at org.apache.derby.jdbc.BasicClientDataSource40.getConnection(Unknown Source) ~[derbyclient-10.11.1.1.jar:na]
	at cz.muni.fi.pv168.winetasting.backend.WineSampleDAOImpl.findAllWineSamples(WineSampleDAOImpl.java:226) ~[classes/:na]
	at cz.muni.fi.pv168.winetasting.frontend.MainWindow$FindAllWineSamplesWorker.doInBackground(MainWindow.java:102) [classes/:na]
	at cz.muni.fi.pv168.winetasting.frontend.MainWindow$FindAllWineSamplesWorker.doInBackground(MainWindow.java:98) [classes/:na]
	at javax.swing.SwingWorker$1.call(SwingWorker.java:295) [na:1.8.0_131]
	at java.util.concurrent.FutureTask.run(FutureTask.java:266) [na:1.8.0_131]
	at javax.swing.SwingWorker.run(SwingWorker.java:334) [na:1.8.0_131]
	at java.util.concurrent.ThreadPoolExecutor.runWorker(ThreadPoolExecutor.java:1142) [na:1.8.0_131]
	at java.util.concurrent.ThreadPoolExecutor$Worker.run(ThreadPoolExecutor.java:617) [na:1.8.0_131]
	at java.lang.Thread.run(Thread.java:748) [na:1.8.0_131]
Caused by: org.apache.derby.client.am.DisconnectException: java.net.ConnectException : Chyba při připojování k serveru localhost na portu 1 527 se zprávou: Connection refused (Connection refused).
	at org.apache.derby.client.net.NetAgent.<init>(Unknown Source) ~[derbyclient-10.11.1.1.jar:na]
	at org.apache.derby.client.net.NetConnection.newAgent_(Unknown Source) ~[derbyclient-10.11.1.1.jar:na]
	at org.apache.derby.client.am.ClientConnection.initConnection(Unknown Source) ~[derbyclient-10.11.1.1.jar:na]
	at org.apache.derby.client.am.ClientConnection.<init>(Unknown Source) ~[derbyclient-10.11.1.1.jar:na]
	at org.apache.derby.client.net.NetConnection.<init>(Unknown Source) ~[derbyclient-10.11.1.1.jar:na]
	at org.apache.derby.client.net.ClientJDBCObjectFactoryImpl.newNetConnection(Unknown Source) ~[derbyclient-10.11.1.1.jar:na]
	at org.apache.derby.jdbc.BasicClientDataSource40.getConnectionX(Unknown Source) ~[derbyclient-10.11.1.1.jar:na]
	... 10 common frames omitted
Caused by: java.net.ConnectException: Connection refused (Connection refused)
	at java.net.PlainSocketImpl.socketConnect(Native Method) ~[na:1.8.0_131]
	at java.net.AbstractPlainSocketImpl.doConnect(AbstractPlainSocketImpl.java:350) ~[na:1.8.0_131]
	at java.net.AbstractPlainSocketImpl.connectToAddress(AbstractPlainSocketImpl.java:206) ~[na:1.8.0_131]
	at java.net.AbstractPlainSocketImpl.connect(AbstractPlainSocketImpl.java:188) ~[na:1.8.0_131]
	at java.net.SocksSocketImpl.connect(SocksSocketImpl.java:392) ~[na:1.8.0_131]
	at java.net.Socket.connect(Socket.java:589) ~[na:1.8.0_131]
	at java.net.Socket.connect(Socket.java:538) ~[na:1.8.0_131]
	at java.net.Socket.<init>(Socket.java:434) ~[na:1.8.0_131]
	at java.net.Socket.<init>(Socket.java:211) ~[na:1.8.0_131]
	at javax.net.DefaultSocketFactory.createSocket(SocketFactory.java:271) ~[na:1.8.0_131]
	at org.apache.derby.client.net.OpenSocketAction.run(Unknown Source) ~[derbyclient-10.11.1.1.jar:na]
	at org.apache.derby.client.net.OpenSocketAction.run(Unknown Source) ~[derbyclient-10.11.1.1.jar:na]
	at java.security.AccessController.doPrivileged(Native Method) ~[na:1.8.0_131]
	... 17 common frames omitted
2017-05-17 15:08:36 [AWT-EventQueue-0] DEBUG c.m.f.p.w.frontend.MainWindow - Changing wineSample model - all wineSamples are loaded from database.
2017-05-17 15:08:36 [AWT-EventQueue-0] ERROR c.m.f.p.w.frontend.MainWindow - Exception was thrown in FindAllWineSamplesWorker in method doInBackGround cz.muni.fi.pv168.winetasting.backend.Exceptions.ServiceFailureException: error retrieving all wineSamples from db
2017-05-17 15:08:42 [SwingWorker-pool-1-thread-4] ERROR c.m.f.p.w.backend.WineSampleDAOImpl - Error when finding all wine samples
java.sql.SQLNonTransientConnectionException: java.net.ConnectException : Chyba při připojování k serveru localhost na portu 1 527 se zprávou: Connection refused (Connection refused).
	at org.apache.derby.client.am.SQLExceptionFactory.getSQLException(Unknown Source) ~[derbyclient-10.11.1.1.jar:na]
	at org.apache.derby.client.am.SqlException.getSQLException(Unknown Source) ~[derbyclient-10.11.1.1.jar:na]
	at org.apache.derby.jdbc.BasicClientDataSource40.getConnection(Unknown Source) ~[derbyclient-10.11.1.1.jar:na]
	at cz.muni.fi.pv168.winetasting.backend.WineSampleDAOImpl.findAllWineSamples(WineSampleDAOImpl.java:226) ~[classes/:na]
	at cz.muni.fi.pv168.winetasting.frontend.MainWindow$FindAllWineSamplesWorker.doInBackground(MainWindow.java:102) [classes/:na]
	at cz.muni.fi.pv168.winetasting.frontend.MainWindow$FindAllWineSamplesWorker.doInBackground(MainWindow.java:98) [classes/:na]
	at javax.swing.SwingWorker$1.call(SwingWorker.java:295) [na:1.8.0_131]
	at java.util.concurrent.FutureTask.run(FutureTask.java:266) [na:1.8.0_131]
	at javax.swing.SwingWorker.run(SwingWorker.java:334) [na:1.8.0_131]
	at java.util.concurrent.ThreadPoolExecutor.runWorker(ThreadPoolExecutor.java:1142) [na:1.8.0_131]
	at java.util.concurrent.ThreadPoolExecutor$Worker.run(ThreadPoolExecutor.java:617) [na:1.8.0_131]
	at java.lang.Thread.run(Thread.java:748) [na:1.8.0_131]
Caused by: org.apache.derby.client.am.DisconnectException: java.net.ConnectException : Chyba při připojování k serveru localhost na portu 1 527 se zprávou: Connection refused (Connection refused).
	at org.apache.derby.client.net.NetAgent.<init>(Unknown Source) ~[derbyclient-10.11.1.1.jar:na]
	at org.apache.derby.client.net.NetConnection.newAgent_(Unknown Source) ~[derbyclient-10.11.1.1.jar:na]
	at org.apache.derby.client.am.ClientConnection.initConnection(Unknown Source) ~[derbyclient-10.11.1.1.jar:na]
	at org.apache.derby.client.am.ClientConnection.<init>(Unknown Source) ~[derbyclient-10.11.1.1.jar:na]
	at org.apache.derby.client.net.NetConnection.<init>(Unknown Source) ~[derbyclient-10.11.1.1.jar:na]
	at org.apache.derby.client.net.ClientJDBCObjectFactoryImpl.newNetConnection(Unknown Source) ~[derbyclient-10.11.1.1.jar:na]
	at org.apache.derby.jdbc.BasicClientDataSource40.getConnectionX(Unknown Source) ~[derbyclient-10.11.1.1.jar:na]
	... 10 common frames omitted
Caused by: java.net.ConnectException: Connection refused (Connection refused)
	at java.net.PlainSocketImpl.socketConnect(Native Method) ~[na:1.8.0_131]
	at java.net.AbstractPlainSocketImpl.doConnect(AbstractPlainSocketImpl.java:350) ~[na:1.8.0_131]
	at java.net.AbstractPlainSocketImpl.connectToAddress(AbstractPlainSocketImpl.java:206) ~[na:1.8.0_131]
	at java.net.AbstractPlainSocketImpl.connect(AbstractPlainSocketImpl.java:188) ~[na:1.8.0_131]
	at java.net.SocksSocketImpl.connect(SocksSocketImpl.java:392) ~[na:1.8.0_131]
	at java.net.Socket.connect(Socket.java:589) ~[na:1.8.0_131]
	at java.net.Socket.connect(Socket.java:538) ~[na:1.8.0_131]
	at java.net.Socket.<init>(Socket.java:434) ~[na:1.8.0_131]
	at java.net.Socket.<init>(Socket.java:211) ~[na:1.8.0_131]
	at javax.net.DefaultSocketFactory.createSocket(SocketFactory.java:271) ~[na:1.8.0_131]
	at org.apache.derby.client.net.OpenSocketAction.run(Unknown Source) ~[derbyclient-10.11.1.1.jar:na]
	at org.apache.derby.client.net.OpenSocketAction.run(Unknown Source) ~[derbyclient-10.11.1.1.jar:na]
	at java.security.AccessController.doPrivileged(Native Method) ~[na:1.8.0_131]
	... 17 common frames omitted
2017-05-17 15:08:42 [AWT-EventQueue-0] DEBUG c.m.f.p.w.frontend.MainWindow - Changing wineSample model - all wineSamples are loaded from database.
2017-05-17 15:08:42 [AWT-EventQueue-0] ERROR c.m.f.p.w.frontend.MainWindow - Exception was thrown in FindAllWineSamplesWorker in method doInBackGround cz.muni.fi.pv168.winetasting.backend.Exceptions.ServiceFailureException: error retrieving all wineSamples from db
2017-05-17 15:09:04 [SwingWorker-pool-1-thread-5] DEBUG c.m.f.p.winetasting.frontend.AddWine - Creating new sample in background
2017-05-17 15:09:04 [SwingWorker-pool-1-thread-5] ERROR c.m.f.p.w.backend.WineSampleDAOImpl - Error when creating wineSample
2017-05-17 15:09:04 [AWT-EventQueue-0] ERROR c.m.f.p.winetasting.frontend.AddWine - Exception thrown during adding new wine: cz.muni.fi.pv168.winetasting.backend.Exceptions.ServiceFailureException: error inserting wineSample into db
2017-05-17 15:20:36 [main] ERROR c.m.f.p.w.frontend.MainWindow - Error while dropping database schema file:/media/lukas/9636525B36523D05/skola/PV168/wineTasting/target/classes/dropTables.sqlException: ERROR 42Y55: 'DROP TABLE' nelze provést v 'WINETASTING', protože neexistuje.
2017-05-17 15:20:39 [SwingWorker-pool-1-thread-1] DEBUG c.m.f.p.w.backend.WineSampleDAOImpl - Finding all wine samples
2017-05-17 15:20:39 [SwingWorker-pool-1-thread-2] DEBUG c.m.f.p.w.backend.WineTastingDAOImpl - Finding all sessions
2017-05-17 15:20:39 [AWT-EventQueue-0] DEBUG c.m.f.p.w.frontend.MainWindow - Changing wineSample model - all wineSamples are loaded from database.
2017-05-17 15:20:39 [AWT-EventQueue-0] DEBUG c.m.f.p.w.frontend.MainWindow - Changing wineSample Model - Finding all Sessions
2017-05-17 18:01:52 [main] ERROR c.m.f.p.w.frontend.MainWindow - Error while dropping database schema file:/media/lukas/9636525B36523D05/skola/PV168/wineTasting/target/classes/dropTables.sqlException: ERROR 08001: java.net.ConnectException : Chyba při připojování k serveru localhost na portu 1 527 se zprávou: Connection refused (Connection refused).
2017-05-17 18:01:52 [AWT-EventQueue-0] ERROR c.m.f.p.w.frontend.MainWindow - Error while creating a database from SQL script file:/media/lukas/9636525B36523D05/skola/PV168/wineTasting/target/classes/createTables.sqlException: ERROR 08001: java.net.ConnectException : Chyba při připojování k serveru localhost na portu 1 527 se zprávou: Connection refused (Connection refused).
2017-05-17 18:01:52 [AWT-EventQueue-0] ERROR c.m.f.p.w.frontend.MainWindow - Error while inserting test data in dabaase from SQL script file:/media/lukas/9636525B36523D05/skola/PV168/wineTasting/target/classes/insertValues.sqlException: ERROR 08001: java.net.ConnectException : Chyba při připojování k serveru localhost na portu 1 527 se zprávou: Connection refused (Connection refused).
2017-05-17 18:01:53 [SwingWorker-pool-1-thread-2] ERROR c.m.f.p.w.backend.WineTastingDAOImpl - Error when finding all sessions
2017-05-17 18:01:53 [SwingWorker-pool-1-thread-1] ERROR c.m.f.p.w.backend.WineSampleDAOImpl - Error when finding all wine samples
java.sql.SQLNonTransientConnectionException: java.net.ConnectException : Chyba při připojování k serveru localhost na portu 1 527 se zprávou: Connection refused (Connection refused).
	at org.apache.derby.client.am.SQLExceptionFactory.getSQLException(Unknown Source) ~[derbyclient-10.11.1.1.jar:na]
	at org.apache.derby.client.am.SqlException.getSQLException(Unknown Source) ~[derbyclient-10.11.1.1.jar:na]
	at org.apache.derby.jdbc.BasicClientDataSource40.getConnection(Unknown Source) ~[derbyclient-10.11.1.1.jar:na]
	at cz.muni.fi.pv168.winetasting.backend.WineSampleDAOImpl.findAllWineSamples(WineSampleDAOImpl.java:226) ~[classes/:na]
	at cz.muni.fi.pv168.winetasting.frontend.MainWindow$FindAllWineSamplesWorker.doInBackground(MainWindow.java:102) [classes/:na]
	at cz.muni.fi.pv168.winetasting.frontend.MainWindow$FindAllWineSamplesWorker.doInBackground(MainWindow.java:98) [classes/:na]
	at javax.swing.SwingWorker$1.call(SwingWorker.java:295) [na:1.8.0_131]
	at java.util.concurrent.FutureTask.run(FutureTask.java:266) [na:1.8.0_131]
	at javax.swing.SwingWorker.run(SwingWorker.java:334) [na:1.8.0_131]
	at java.util.concurrent.ThreadPoolExecutor.runWorker(ThreadPoolExecutor.java:1142) [na:1.8.0_131]
	at java.util.concurrent.ThreadPoolExecutor$Worker.run(ThreadPoolExecutor.java:617) [na:1.8.0_131]
	at java.lang.Thread.run(Thread.java:748) [na:1.8.0_131]
Caused by: org.apache.derby.client.am.DisconnectException: java.net.ConnectException : Chyba při připojování k serveru localhost na portu 1 527 se zprávou: Connection refused (Connection refused).
	at org.apache.derby.client.net.NetAgent.<init>(Unknown Source) ~[derbyclient-10.11.1.1.jar:na]
	at org.apache.derby.client.net.NetConnection.newAgent_(Unknown Source) ~[derbyclient-10.11.1.1.jar:na]
	at org.apache.derby.client.am.ClientConnection.initConnection(Unknown Source) ~[derbyclient-10.11.1.1.jar:na]
	at org.apache.derby.client.am.ClientConnection.<init>(Unknown Source) ~[derbyclient-10.11.1.1.jar:na]
	at org.apache.derby.client.net.NetConnection.<init>(Unknown Source) ~[derbyclient-10.11.1.1.jar:na]
	at org.apache.derby.client.net.ClientJDBCObjectFactoryImpl.newNetConnection(Unknown Source) ~[derbyclient-10.11.1.1.jar:na]
	at org.apache.derby.jdbc.BasicClientDataSource40.getConnectionX(Unknown Source) ~[derbyclient-10.11.1.1.jar:na]
	... 10 common frames omitted
Caused by: java.net.ConnectException: Connection refused (Connection refused)
	at java.net.PlainSocketImpl.socketConnect(Native Method) ~[na:1.8.0_131]
	at java.net.AbstractPlainSocketImpl.doConnect(AbstractPlainSocketImpl.java:350) ~[na:1.8.0_131]
	at java.net.AbstractPlainSocketImpl.connectToAddress(AbstractPlainSocketImpl.java:206) ~[na:1.8.0_131]
	at java.net.AbstractPlainSocketImpl.connect(AbstractPlainSocketImpl.java:188) ~[na:1.8.0_131]
	at java.net.SocksSocketImpl.connect(SocksSocketImpl.java:392) ~[na:1.8.0_131]
	at java.net.Socket.connect(Socket.java:589) ~[na:1.8.0_131]
	at java.net.Socket.connect(Socket.java:538) ~[na:1.8.0_131]
	at java.net.Socket.<init>(Socket.java:434) ~[na:1.8.0_131]
	at java.net.Socket.<init>(Socket.java:211) ~[na:1.8.0_131]
	at javax.net.DefaultSocketFactory.createSocket(SocketFactory.java:271) ~[na:1.8.0_131]
	at org.apache.derby.client.net.OpenSocketAction.run(Unknown Source) ~[derbyclient-10.11.1.1.jar:na]
	at org.apache.derby.client.net.OpenSocketAction.run(Unknown Source) ~[derbyclient-10.11.1.1.jar:na]
	at java.security.AccessController.doPrivileged(Native Method) ~[na:1.8.0_131]
	... 17 common frames omitted
2017-05-17 18:01:53 [AWT-EventQueue-0] DEBUG c.m.f.p.w.frontend.MainWindow - Changing wineSample Model - Finding all Sessions
2017-05-17 18:01:53 [AWT-EventQueue-0] ERROR c.m.f.p.w.frontend.MainWindow - Exception thrown while listing all sessionscz.muni.fi.pv168.winetasting.backend.Exceptions.ServiceFailureException: error retrieving all sessions
2017-05-17 18:01:53 [AWT-EventQueue-0] DEBUG c.m.f.p.w.frontend.MainWindow - Changing wineSample model - all wineSamples are loaded from database.
2017-05-17 18:01:53 [AWT-EventQueue-0] ERROR c.m.f.p.w.frontend.MainWindow - Exception was thrown in FindAllWineSamplesWorker in method doInBackGround cz.muni.fi.pv168.winetasting.backend.Exceptions.ServiceFailureException: error retrieving all wineSamples from db
2017-05-17 18:02:35 [SwingWorker-pool-1-thread-1] DEBUG c.m.f.p.w.backend.WineSampleDAOImpl - Finding all wine samples
2017-05-17 18:02:35 [SwingWorker-pool-1-thread-2] DEBUG c.m.f.p.w.backend.WineTastingDAOImpl - Finding all sessions
2017-05-17 18:02:36 [AWT-EventQueue-0] DEBUG c.m.f.p.w.frontend.MainWindow - Changing wineSample model - all wineSamples are loaded from database.
2017-05-17 18:02:36 [AWT-EventQueue-0] DEBUG c.m.f.p.w.frontend.MainWindow - Changing wineSample Model - Finding all Sessions
2017-05-17 18:43:05 [SwingWorker-pool-1-thread-2] DEBUG c.m.f.p.w.backend.WineTastingDAOImpl - Finding all sessions
2017-05-17 18:43:05 [SwingWorker-pool-1-thread-1] DEBUG c.m.f.p.w.backend.WineSampleDAOImpl - Finding all wine samples
2017-05-17 18:43:05 [AWT-EventQueue-0] DEBUG c.m.f.p.w.frontend.MainWindow - Changing wineSample Model - Finding all Sessions
2017-05-17 18:43:05 [AWT-EventQueue-0] DEBUG c.m.f.p.w.frontend.MainWindow - Changing wineSample model - all wineSamples are loaded from database.
2017-05-17 18:46:11 [SwingWorker-pool-1-thread-1] DEBUG c.m.f.p.w.backend.WineSampleDAOImpl - Finding all wine samples
2017-05-17 18:46:11 [SwingWorker-pool-1-thread-2] DEBUG c.m.f.p.w.backend.WineTastingDAOImpl - Finding all sessions
2017-05-17 18:46:11 [AWT-EventQueue-0] DEBUG c.m.f.p.w.frontend.MainWindow - Changing wineSample Model - Finding all Sessions
2017-05-17 18:46:11 [AWT-EventQueue-0] DEBUG c.m.f.p.w.frontend.MainWindow - Changing wineSample model - all wineSamples are loaded from database.
2017-05-17 19:31:14 [SwingWorker-pool-1-thread-2] DEBUG c.m.f.p.w.backend.WineTastingDAOImpl - Finding all sessions
2017-05-17 19:31:14 [SwingWorker-pool-1-thread-1] DEBUG c.m.f.p.w.backend.WineSampleDAOImpl - Finding all wine samples
2017-05-17 19:31:14 [AWT-EventQueue-0] DEBUG c.m.f.p.w.frontend.MainWindow - Changing wineSample Model - Finding all Sessions
2017-05-17 19:31:14 [AWT-EventQueue-0] DEBUG c.m.f.p.w.frontend.MainWindow - Changing wineSample model - all wineSamples are loaded from database.
2017-05-17 19:32:12 [SwingWorker-pool-1-thread-3] DEBUG c.m.f.p.w.backend.WineSampleDAOImpl - Finding wine samples by variety Rizling vlašský
2017-05-17 19:32:12 [AWT-EventQueue-0] DEBUG c.m.f.p.w.frontend.MainWindow - Changing wineSample Model - filtering wine samples by variety
2017-05-17 19:32:38 [SwingWorker-pool-1-thread-4] DEBUG c.m.f.p.w.backend.WineSampleDAOImpl - Finding all wine samples
2017-05-17 19:32:38 [AWT-EventQueue-0] DEBUG c.m.f.p.w.frontend.MainWindow - Changing wineSample model - all wineSamples are loaded from database.
2017-05-17 19:33:11 [SwingWorker-pool-1-thread-5] DEBUG c.m.f.p.w.backend.WineSampleDAOImpl - Finding wine samples by variety Irsai oliver
2017-05-17 19:33:11 [AWT-EventQueue-0] DEBUG c.m.f.p.w.frontend.MainWindow - Changing wineSample Model - filtering wine samples by variety
2017-05-17 20:36:36 [SwingWorker-pool-1-thread-6] DEBUG c.m.f.p.w.backend.WineSampleDAOImpl - Finding all wine samples
2017-05-17 20:36:36 [AWT-EventQueue-0] DEBUG c.m.f.p.w.frontend.MainWindow - Changing wineSample model - all wineSamples are loaded from database.
2017-05-17 20:36:42 [SwingWorker-pool-1-thread-7] DEBUG c.m.f.p.w.backend.WineSampleDAOImpl - Finding all wine samples
2017-05-17 20:36:42 [AWT-EventQueue-0] DEBUG c.m.f.p.w.frontend.MainWindow - Changing wineSample model - all wineSamples are loaded from database.
