2017-05-17 15:08:14 - Finding all wine samples
2017-05-17 15:08:14 - Creatring wine sample WineSample{id=null}
2017-05-17 15:08:14 - Creatring wine sample WineSample{id=null}
2017-05-17 15:08:14 - Creatring wine sample WineSample{id=null}
2017-05-17 15:08:14 - Finding all wine samples
2017-05-17 15:08:14 - Creatring wine sample WineSample{id=null}
2017-05-17 15:08:14 - Finding wine sample by ID 1
2017-05-17 15:08:14 - Creatring wine sample WineSample{id=null}
2017-05-17 15:08:14 - Creatring wine sample WineSample{id=null}
2017-05-17 15:08:14 - Creating session cz.muni.fi.pv168.winetasting.backend.WineTastingSession@357030b8
2017-05-17 15:08:14 - Assigning wine: WineSample{id=1} to session: cz.muni.fi.pv168.winetasting.backend.WineTastingSession@35703479
2017-05-17 15:08:14 - Finding all unsessioned wines
2017-05-17 15:08:14 - Finding all wine samples
2017-05-17 15:08:14 - Finding all wine samples
2017-05-17 15:08:14 - Creatring wine sample WineSample{id=null}
2017-05-17 15:08:14 - Finding all wine samples
2017-05-17 15:08:14 - Deleting wine sample WineSample{id=1}
2017-05-17 15:08:14 - Finding wine sample by ID 1
2017-05-17 15:08:14 - Finding all wine samples
2017-05-17 15:08:14 - Finding all wine samples
2017-05-17 15:08:14 - Creatring wine sample WineSample{id=null}
2017-05-17 15:08:15 - Finding all wine samples
2017-05-17 15:08:15 - Updating wine sample WineSample{id=1}
2017-05-17 15:08:15 - Finding wine sample by ID 1
2017-05-17 15:08:15 - Finding all wine samples
2017-05-17 15:08:15 - Creatring wine sample WineSample{id=null}
2017-05-17 15:08:15 - Finding wine sample by ID 1
2017-05-17 15:08:15 - Finding all wine samples
2017-05-17 15:08:15 - Creatring wine sample WineSample{id=null}
2017-05-17 15:08:15 - Creatring wine sample WineSample{id=null}
2017-05-17 15:08:15 - Creatring wine sample WineSample{id=null}
2017-05-17 15:08:15 - Creatring wine sample WineSample{id=null}
2017-05-17 15:08:15 - Finding wine samples by variety Rizling
2017-05-17 15:08:15 - Creating session cz.muni.fi.pv168.winetasting.backend.WineTastingSession@357030b8
2017-05-17 15:08:15 - Finding sessions by date
2017-05-17 15:08:15 - Creating session cz.muni.fi.pv168.winetasting.backend.WineTastingSession@357030b8
2017-05-17 15:08:15 - Creating session cz.muni.fi.pv168.winetasting.backend.WineTastingSession@357030b9
2017-05-17 15:08:15 - Creating session cz.muni.fi.pv168.winetasting.backend.WineTastingSession@357030ba
2017-05-17 15:08:15 - Finding all sessions
2017-05-17 15:08:15 - Creating session cz.muni.fi.pv168.winetasting.backend.WineTastingSession@357030b8
2017-05-17 15:08:15 - Creating session cz.muni.fi.pv168.winetasting.backend.WineTastingSession@357030b9
2017-05-17 15:08:15 - Creating session cz.muni.fi.pv168.winetasting.backend.WineTastingSession@357030ba
2017-05-17 15:08:15 - Updating session: cz.muni.fi.pv168.winetasting.backend.WineTastingSession@78d6473d
2017-05-17 15:08:15 - Finding all sessions
2017-05-17 15:08:15 - Creating session cz.muni.fi.pv168.winetasting.backend.WineTastingSession@357030b8
2017-05-17 15:08:15 - Creating session cz.muni.fi.pv168.winetasting.backend.WineTastingSession@357030b9
2017-05-17 15:08:15 - Creating session cz.muni.fi.pv168.winetasting.backend.WineTastingSession@357030ba
2017-05-17 15:08:15 - Deleting session cz.muni.fi.pv168.winetasting.backend.WineTastingSession@35703479
2017-05-17 15:08:15 - Finding all sessions
2017-05-17 15:08:31 - Error while dropping database schema file:/media/lukas/9636525B36523D05/skola/PV168/wineTasting/target/classes/dropTables.sqlException: ERROR 08001: java.net.ConnectException : Chyba při připojování k serveru localhost na portu 1 527 se zprávou: Connection refused (Connection refused).
2017-05-17 15:08:31 - Error while creating a database from SQL script file:/media/lukas/9636525B36523D05/skola/PV168/wineTasting/target/classes/createTables.sqlException: ERROR 08001: java.net.ConnectException : Chyba při připojování k serveru localhost na portu 1 527 se zprávou: Connection refused (Connection refused).
2017-05-17 15:08:31 - Error while inserting test data in dabaase from SQL script file:/media/lukas/9636525B36523D05/skola/PV168/wineTasting/target/classes/insertValues.sqlException: ERROR 08001: java.net.ConnectException : Chyba při připojování k serveru localhost na portu 1 527 se zprávou: Connection refused (Connection refused).
2017-05-17 15:08:31 - Error when finding all sessions
2017-05-17 15:08:31 - Error when finding all wine samples
java.sql.SQLNonTransientConnectionException: java.net.ConnectException : Chyba při připojování k serveru localhost na portu 1 527 se zprávou: Connection refused (Connection refused).
	at org.apache.derby.client.am.SQLExceptionFactory.getSQLException(Unknown Source) ~[derbyclient-10.11.1.1.jar:na]
	at org.apache.derby.client.am.SqlException.getSQLException(Unknown Source) ~[derbyclient-10.11.1.1.jar:na]
	at org.apache.derby.jdbc.BasicClientDataSource40.getConnection(Unknown Source) ~[derbyclient-10.11.1.1.jar:na]
	at cz.muni.fi.pv168.winetasting.backend.WineSampleDAOImpl.findAllWineSamples(WineSampleDAOImpl.java:226) ~[classes/:na]
	at cz.muni.fi.pv168.winetasting.frontend.MainWindow$FindAllWineSamplesWorker.doInBackground(MainWindow.java:102) [classes/:na]
	at cz.muni.fi.pv168.winetasting.frontend.MainWindow$FindAllWineSamplesWorker.doInBackground(MainWindow.java:98) [classes/:na]
	at javax.swing.SwingWorker$1.call(SwingWorker.java:295) [na:1.8.0_131]
	at java.util.concurrent.FutureTask.run(FutureTask.java:266) [na:1.8.0_131]
	at javax.swing.SwingWorker.run(SwingWorker.java:334) [na:1.8.0_131]
	at java.util.concurrent.ThreadPoolExecutor.runWorker(ThreadPoolExecutor.java:1142) [na:1.8.0_131]
	at java.util.concurrent.ThreadPoolExecutor$Worker.run(ThreadPoolExecutor.java:617) [na:1.8.0_131]
	at java.lang.Thread.run(Thread.java:748) [na:1.8.0_131]
Caused by: org.apache.derby.client.am.DisconnectException: java.net.ConnectException : Chyba při připojování k serveru localhost na portu 1 527 se zprávou: Connection refused (Connection refused).
	at org.apache.derby.client.net.NetAgent.<init>(Unknown Source) ~[derbyclient-10.11.1.1.jar:na]
	at org.apache.derby.client.net.NetConnection.newAgent_(Unknown Source) ~[derbyclient-10.11.1.1.jar:na]
	at org.apache.derby.client.am.ClientConnection.initConnection(Unknown Source) ~[derbyclient-10.11.1.1.jar:na]
	at org.apache.derby.client.am.ClientConnection.<init>(Unknown Source) ~[derbyclient-10.11.1.1.jar:na]
	at org.apache.derby.client.net.NetConnection.<init>(Unknown Source) ~[derbyclient-10.11.1.1.jar:na]
	at org.apache.derby.client.net.ClientJDBCObjectFactoryImpl.newNetConnection(Unknown Source) ~[derbyclient-10.11.1.1.jar:na]
	at org.apache.derby.jdbc.BasicClientDataSource40.getConnectionX(Unknown Source) ~[derbyclient-10.11.1.1.jar:na]
	... 10 common frames omitted
Caused by: java.net.ConnectException: Connection refused (Connection refused)
	at java.net.PlainSocketImpl.socketConnect(Native Method) ~[na:1.8.0_131]
	at java.net.AbstractPlainSocketImpl.doConnect(AbstractPlainSocketImpl.java:350) ~[na:1.8.0_131]
	at java.net.AbstractPlainSocketImpl.connectToAddress(AbstractPlainSocketImpl.java:206) ~[na:1.8.0_131]
	at java.net.AbstractPlainSocketImpl.connect(AbstractPlainSocketImpl.java:188) ~[na:1.8.0_131]
	at java.net.SocksSocketImpl.connect(SocksSocketImpl.java:392) ~[na:1.8.0_131]
	at java.net.Socket.connect(Socket.java:589) ~[na:1.8.0_131]
	at java.net.Socket.connect(Socket.java:538) ~[na:1.8.0_131]
	at java.net.Socket.<init>(Socket.java:434) ~[na:1.8.0_131]
	at java.net.Socket.<init>(Socket.java:211) ~[na:1.8.0_131]
	at javax.net.DefaultSocketFactory.createSocket(SocketFactory.java:271) ~[na:1.8.0_131]
	at org.apache.derby.client.net.OpenSocketAction.run(Unknown Source) ~[derbyclient-10.11.1.1.jar:na]
	at org.apache.derby.client.net.OpenSocketAction.run(Unknown Source) ~[derbyclient-10.11.1.1.jar:na]
	at java.security.AccessController.doPrivileged(Native Method) ~[na:1.8.0_131]
	... 17 common frames omitted
2017-05-17 15:08:31 - Changing wineSample Model - Finding all Sessions
2017-05-17 15:08:31 - Exception thrown while listing all sessionscz.muni.fi.pv168.winetasting.backend.Exceptions.ServiceFailureException: error retrieving all sessions
2017-05-17 15:08:31 - Changing wineSample model - all wineSamples are loaded from database.
2017-05-17 15:08:31 - Exception was thrown in FindAllWineSamplesWorker in method doInBackGround cz.muni.fi.pv168.winetasting.backend.Exceptions.ServiceFailureException: error retrieving all wineSamples from db
2017-05-17 15:08:36 - Error when finding all wine samples
java.sql.SQLNonTransientConnectionException: java.net.ConnectException : Chyba při připojování k serveru localhost na portu 1 527 se zprávou: Connection refused (Connection refused).
	at org.apache.derby.client.am.SQLExceptionFactory.getSQLException(Unknown Source) ~[derbyclient-10.11.1.1.jar:na]
	at org.apache.derby.client.am.SqlException.getSQLException(Unknown Source) ~[derbyclient-10.11.1.1.jar:na]
	at org.apache.derby.jdbc.BasicClientDataSource40.getConnection(Unknown Source) ~[derbyclient-10.11.1.1.jar:na]
	at cz.muni.fi.pv168.winetasting.backend.WineSampleDAOImpl.findAllWineSamples(WineSampleDAOImpl.java:226) ~[classes/:na]
	at cz.muni.fi.pv168.winetasting.frontend.MainWindow$FindAllWineSamplesWorker.doInBackground(MainWindow.java:102) [classes/:na]
	at cz.muni.fi.pv168.winetasting.frontend.MainWindow$FindAllWineSamplesWorker.doInBackground(MainWindow.java:98) [classes/:na]
	at javax.swing.SwingWorker$1.call(SwingWorker.java:295) [na:1.8.0_131]
	at java.util.concurrent.FutureTask.run(FutureTask.java:266) [na:1.8.0_131]
	at javax.swing.SwingWorker.run(SwingWorker.java:334) [na:1.8.0_131]
	at java.util.concurrent.ThreadPoolExecutor.runWorker(ThreadPoolExecutor.java:1142) [na:1.8.0_131]
	at java.util.concurrent.ThreadPoolExecutor$Worker.run(ThreadPoolExecutor.java:617) [na:1.8.0_131]
	at java.lang.Thread.run(Thread.java:748) [na:1.8.0_131]
Caused by: org.apache.derby.client.am.DisconnectException: java.net.ConnectException : Chyba při připojování k serveru localhost na portu 1 527 se zprávou: Connection refused (Connection refused).
	at org.apache.derby.client.net.NetAgent.<init>(Unknown Source) ~[derbyclient-10.11.1.1.jar:na]
	at org.apache.derby.client.net.NetConnection.newAgent_(Unknown Source) ~[derbyclient-10.11.1.1.jar:na]
	at org.apache.derby.client.am.ClientConnection.initConnection(Unknown Source) ~[derbyclient-10.11.1.1.jar:na]
	at org.apache.derby.client.am.ClientConnection.<init>(Unknown Source) ~[derbyclient-10.11.1.1.jar:na]
	at org.apache.derby.client.net.NetConnection.<init>(Unknown Source) ~[derbyclient-10.11.1.1.jar:na]
	at org.apache.derby.client.net.ClientJDBCObjectFactoryImpl.newNetConnection(Unknown Source) ~[derbyclient-10.11.1.1.jar:na]
	at org.apache.derby.jdbc.BasicClientDataSource40.getConnectionX(Unknown Source) ~[derbyclient-10.11.1.1.jar:na]
	... 10 common frames omitted
Caused by: java.net.ConnectException: Connection refused (Connection refused)
	at java.net.PlainSocketImpl.socketConnect(Native Method) ~[na:1.8.0_131]
	at java.net.AbstractPlainSocketImpl.doConnect(AbstractPlainSocketImpl.java:350) ~[na:1.8.0_131]
	at java.net.AbstractPlainSocketImpl.connectToAddress(AbstractPlainSocketImpl.java:206) ~[na:1.8.0_131]
	at java.net.AbstractPlainSocketImpl.connect(AbstractPlainSocketImpl.java:188) ~[na:1.8.0_131]
	at java.net.SocksSocketImpl.connect(SocksSocketImpl.java:392) ~[na:1.8.0_131]
	at java.net.Socket.connect(Socket.java:589) ~[na:1.8.0_131]
	at java.net.Socket.connect(Socket.java:538) ~[na:1.8.0_131]
	at java.net.Socket.<init>(Socket.java:434) ~[na:1.8.0_131]
	at java.net.Socket.<init>(Socket.java:211) ~[na:1.8.0_131]
	at javax.net.DefaultSocketFactory.createSocket(SocketFactory.java:271) ~[na:1.8.0_131]
	at org.apache.derby.client.net.OpenSocketAction.run(Unknown Source) ~[derbyclient-10.11.1.1.jar:na]
	at org.apache.derby.client.net.OpenSocketAction.run(Unknown Source) ~[derbyclient-10.11.1.1.jar:na]
	at java.security.AccessController.doPrivileged(Native Method) ~[na:1.8.0_131]
	... 17 common frames omitted
2017-05-17 15:08:36 - Changing wineSample model - all wineSamples are loaded from database.
2017-05-17 15:08:36 - Exception was thrown in FindAllWineSamplesWorker in method doInBackGround cz.muni.fi.pv168.winetasting.backend.Exceptions.ServiceFailureException: error retrieving all wineSamples from db
2017-05-17 15:08:42 - Error when finding all wine samples
java.sql.SQLNonTransientConnectionException: java.net.ConnectException : Chyba při připojování k serveru localhost na portu 1 527 se zprávou: Connection refused (Connection refused).
	at org.apache.derby.client.am.SQLExceptionFactory.getSQLException(Unknown Source) ~[derbyclient-10.11.1.1.jar:na]
	at org.apache.derby.client.am.SqlException.getSQLException(Unknown Source) ~[derbyclient-10.11.1.1.jar:na]
	at org.apache.derby.jdbc.BasicClientDataSource40.getConnection(Unknown Source) ~[derbyclient-10.11.1.1.jar:na]
	at cz.muni.fi.pv168.winetasting.backend.WineSampleDAOImpl.findAllWineSamples(WineSampleDAOImpl.java:226) ~[classes/:na]
	at cz.muni.fi.pv168.winetasting.frontend.MainWindow$FindAllWineSamplesWorker.doInBackground(MainWindow.java:102) [classes/:na]
	at cz.muni.fi.pv168.winetasting.frontend.MainWindow$FindAllWineSamplesWorker.doInBackground(MainWindow.java:98) [classes/:na]
	at javax.swing.SwingWorker$1.call(SwingWorker.java:295) [na:1.8.0_131]
	at java.util.concurrent.FutureTask.run(FutureTask.java:266) [na:1.8.0_131]
	at javax.swing.SwingWorker.run(SwingWorker.java:334) [na:1.8.0_131]
	at java.util.concurrent.ThreadPoolExecutor.runWorker(ThreadPoolExecutor.java:1142) [na:1.8.0_131]
	at java.util.concurrent.ThreadPoolExecutor$Worker.run(ThreadPoolExecutor.java:617) [na:1.8.0_131]
	at java.lang.Thread.run(Thread.java:748) [na:1.8.0_131]
Caused by: org.apache.derby.client.am.DisconnectException: java.net.ConnectException : Chyba při připojování k serveru localhost na portu 1 527 se zprávou: Connection refused (Connection refused).
	at org.apache.derby.client.net.NetAgent.<init>(Unknown Source) ~[derbyclient-10.11.1.1.jar:na]
	at org.apache.derby.client.net.NetConnection.newAgent_(Unknown Source) ~[derbyclient-10.11.1.1.jar:na]
	at org.apache.derby.client.am.ClientConnection.initConnection(Unknown Source) ~[derbyclient-10.11.1.1.jar:na]
	at org.apache.derby.client.am.ClientConnection.<init>(Unknown Source) ~[derbyclient-10.11.1.1.jar:na]
	at org.apache.derby.client.net.NetConnection.<init>(Unknown Source) ~[derbyclient-10.11.1.1.jar:na]
	at org.apache.derby.client.net.ClientJDBCObjectFactoryImpl.newNetConnection(Unknown Source) ~[derbyclient-10.11.1.1.jar:na]
	at org.apache.derby.jdbc.BasicClientDataSource40.getConnectionX(Unknown Source) ~[derbyclient-10.11.1.1.jar:na]
	... 10 common frames omitted
Caused by: java.net.ConnectException: Connection refused (Connection refused)
	at java.net.PlainSocketImpl.socketConnect(Native Method) ~[na:1.8.0_131]
	at java.net.AbstractPlainSocketImpl.doConnect(AbstractPlainSocketImpl.java:350) ~[na:1.8.0_131]
	at java.net.AbstractPlainSocketImpl.connectToAddress(AbstractPlainSocketImpl.java:206) ~[na:1.8.0_131]
	at java.net.AbstractPlainSocketImpl.connect(AbstractPlainSocketImpl.java:188) ~[na:1.8.0_131]
	at java.net.SocksSocketImpl.connect(SocksSocketImpl.java:392) ~[na:1.8.0_131]
	at java.net.Socket.connect(Socket.java:589) ~[na:1.8.0_131]
	at java.net.Socket.connect(Socket.java:538) ~[na:1.8.0_131]
	at java.net.Socket.<init>(Socket.java:434) ~[na:1.8.0_131]
	at java.net.Socket.<init>(Socket.java:211) ~[na:1.8.0_131]
	at javax.net.DefaultSocketFactory.createSocket(SocketFactory.java:271) ~[na:1.8.0_131]
	at org.apache.derby.client.net.OpenSocketAction.run(Unknown Source) ~[derbyclient-10.11.1.1.jar:na]
	at org.apache.derby.client.net.OpenSocketAction.run(Unknown Source) ~[derbyclient-10.11.1.1.jar:na]
	at java.security.AccessController.doPrivileged(Native Method) ~[na:1.8.0_131]
	... 17 common frames omitted
2017-05-17 15:08:42 - Changing wineSample model - all wineSamples are loaded from database.
2017-05-17 15:08:42 - Exception was thrown in FindAllWineSamplesWorker in method doInBackGround cz.muni.fi.pv168.winetasting.backend.Exceptions.ServiceFailureException: error retrieving all wineSamples from db
2017-05-17 15:09:04 - Creating new sample in background
2017-05-17 15:09:04 - Error when creating wineSample
2017-05-17 15:09:04 - Exception thrown during adding new wine: cz.muni.fi.pv168.winetasting.backend.Exceptions.ServiceFailureException: error inserting wineSample into db
2017-05-17 15:20:36 - Error while dropping database schema file:/media/lukas/9636525B36523D05/skola/PV168/wineTasting/target/classes/dropTables.sqlException: ERROR 42Y55: 'DROP TABLE' nelze provést v 'WINETASTING', protože neexistuje.
2017-05-17 15:20:39 - Finding all wine samples
2017-05-17 15:20:39 - Finding all sessions
2017-05-17 15:20:39 - Changing wineSample model - all wineSamples are loaded from database.
2017-05-17 15:20:39 - Changing wineSample Model - Finding all Sessions
2017-05-17 18:01:52 - Error while dropping database schema file:/media/lukas/9636525B36523D05/skola/PV168/wineTasting/target/classes/dropTables.sqlException: ERROR 08001: java.net.ConnectException : Chyba při připojování k serveru localhost na portu 1 527 se zprávou: Connection refused (Connection refused).
2017-05-17 18:01:52 - Error while creating a database from SQL script file:/media/lukas/9636525B36523D05/skola/PV168/wineTasting/target/classes/createTables.sqlException: ERROR 08001: java.net.ConnectException : Chyba při připojování k serveru localhost na portu 1 527 se zprávou: Connection refused (Connection refused).
2017-05-17 18:01:52 - Error while inserting test data in dabaase from SQL script file:/media/lukas/9636525B36523D05/skola/PV168/wineTasting/target/classes/insertValues.sqlException: ERROR 08001: java.net.ConnectException : Chyba při připojování k serveru localhost na portu 1 527 se zprávou: Connection refused (Connection refused).
2017-05-17 18:01:53 - Error when finding all sessions
2017-05-17 18:01:53 - Error when finding all wine samples
java.sql.SQLNonTransientConnectionException: java.net.ConnectException : Chyba při připojování k serveru localhost na portu 1 527 se zprávou: Connection refused (Connection refused).
	at org.apache.derby.client.am.SQLExceptionFactory.getSQLException(Unknown Source) ~[derbyclient-10.11.1.1.jar:na]
	at org.apache.derby.client.am.SqlException.getSQLException(Unknown Source) ~[derbyclient-10.11.1.1.jar:na]
	at org.apache.derby.jdbc.BasicClientDataSource40.getConnection(Unknown Source) ~[derbyclient-10.11.1.1.jar:na]
	at cz.muni.fi.pv168.winetasting.backend.WineSampleDAOImpl.findAllWineSamples(WineSampleDAOImpl.java:226) ~[classes/:na]
	at cz.muni.fi.pv168.winetasting.frontend.MainWindow$FindAllWineSamplesWorker.doInBackground(MainWindow.java:102) [classes/:na]
	at cz.muni.fi.pv168.winetasting.frontend.MainWindow$FindAllWineSamplesWorker.doInBackground(MainWindow.java:98) [classes/:na]
	at javax.swing.SwingWorker$1.call(SwingWorker.java:295) [na:1.8.0_131]
	at java.util.concurrent.FutureTask.run(FutureTask.java:266) [na:1.8.0_131]
	at javax.swing.SwingWorker.run(SwingWorker.java:334) [na:1.8.0_131]
	at java.util.concurrent.ThreadPoolExecutor.runWorker(ThreadPoolExecutor.java:1142) [na:1.8.0_131]
	at java.util.concurrent.ThreadPoolExecutor$Worker.run(ThreadPoolExecutor.java:617) [na:1.8.0_131]
	at java.lang.Thread.run(Thread.java:748) [na:1.8.0_131]
Caused by: org.apache.derby.client.am.DisconnectException: java.net.ConnectException : Chyba při připojování k serveru localhost na portu 1 527 se zprávou: Connection refused (Connection refused).
	at org.apache.derby.client.net.NetAgent.<init>(Unknown Source) ~[derbyclient-10.11.1.1.jar:na]
	at org.apache.derby.client.net.NetConnection.newAgent_(Unknown Source) ~[derbyclient-10.11.1.1.jar:na]
	at org.apache.derby.client.am.ClientConnection.initConnection(Unknown Source) ~[derbyclient-10.11.1.1.jar:na]
	at org.apache.derby.client.am.ClientConnection.<init>(Unknown Source) ~[derbyclient-10.11.1.1.jar:na]
	at org.apache.derby.client.net.NetConnection.<init>(Unknown Source) ~[derbyclient-10.11.1.1.jar:na]
	at org.apache.derby.client.net.ClientJDBCObjectFactoryImpl.newNetConnection(Unknown Source) ~[derbyclient-10.11.1.1.jar:na]
	at org.apache.derby.jdbc.BasicClientDataSource40.getConnectionX(Unknown Source) ~[derbyclient-10.11.1.1.jar:na]
	... 10 common frames omitted
Caused by: java.net.ConnectException: Connection refused (Connection refused)
	at java.net.PlainSocketImpl.socketConnect(Native Method) ~[na:1.8.0_131]
	at java.net.AbstractPlainSocketImpl.doConnect(AbstractPlainSocketImpl.java:350) ~[na:1.8.0_131]
	at java.net.AbstractPlainSocketImpl.connectToAddress(AbstractPlainSocketImpl.java:206) ~[na:1.8.0_131]
	at java.net.AbstractPlainSocketImpl.connect(AbstractPlainSocketImpl.java:188) ~[na:1.8.0_131]
	at java.net.SocksSocketImpl.connect(SocksSocketImpl.java:392) ~[na:1.8.0_131]
	at java.net.Socket.connect(Socket.java:589) ~[na:1.8.0_131]
	at java.net.Socket.connect(Socket.java:538) ~[na:1.8.0_131]
	at java.net.Socket.<init>(Socket.java:434) ~[na:1.8.0_131]
	at java.net.Socket.<init>(Socket.java:211) ~[na:1.8.0_131]
	at javax.net.DefaultSocketFactory.createSocket(SocketFactory.java:271) ~[na:1.8.0_131]
	at org.apache.derby.client.net.OpenSocketAction.run(Unknown Source) ~[derbyclient-10.11.1.1.jar:na]
	at org.apache.derby.client.net.OpenSocketAction.run(Unknown Source) ~[derbyclient-10.11.1.1.jar:na]
	at java.security.AccessController.doPrivileged(Native Method) ~[na:1.8.0_131]
	... 17 common frames omitted
2017-05-17 18:01:53 - Changing wineSample Model - Finding all Sessions
2017-05-17 18:01:53 - Exception thrown while listing all sessionscz.muni.fi.pv168.winetasting.backend.Exceptions.ServiceFailureException: error retrieving all sessions
2017-05-17 18:01:53 - Changing wineSample model - all wineSamples are loaded from database.
2017-05-17 18:01:53 - Exception was thrown in FindAllWineSamplesWorker in method doInBackGround cz.muni.fi.pv168.winetasting.backend.Exceptions.ServiceFailureException: error retrieving all wineSamples from db
2017-05-17 18:02:35 - Finding all wine samples
2017-05-17 18:02:35 - Finding all sessions
2017-05-17 18:02:36 - Changing wineSample model - all wineSamples are loaded from database.
2017-05-17 18:02:36 - Changing wineSample Model - Finding all Sessions
2017-05-17 18:43:05 - Finding all sessions
2017-05-17 18:43:05 - Finding all wine samples
2017-05-17 18:43:05 - Changing wineSample Model - Finding all Sessions
2017-05-17 18:43:05 - Changing wineSample model - all wineSamples are loaded from database.
2017-05-17 18:46:11 - Finding all wine samples
2017-05-17 18:46:11 - Finding all sessions
2017-05-17 18:46:11 - Changing wineSample Model - Finding all Sessions
2017-05-17 18:46:11 - Changing wineSample model - all wineSamples are loaded from database.
2017-05-17 19:31:14 - Finding all sessions
2017-05-17 19:31:14 - Finding all wine samples
2017-05-17 19:31:14 - Changing wineSample Model - Finding all Sessions
2017-05-17 19:31:14 - Changing wineSample model - all wineSamples are loaded from database.
2017-05-17 19:32:12 - Finding wine samples by variety Rizling vlašský
2017-05-17 19:32:12 - Changing wineSample Model - filtering wine samples by variety
2017-05-17 19:32:38 - Finding all wine samples
2017-05-17 19:32:38 - Changing wineSample model - all wineSamples are loaded from database.
2017-05-17 19:33:11 - Finding wine samples by variety Irsai oliver
2017-05-17 19:33:11 - Changing wineSample Model - filtering wine samples by variety
2017-05-17 20:36:36 - Finding all wine samples
2017-05-17 20:36:36 - Changing wineSample model - all wineSamples are loaded from database.
2017-05-17 20:36:42 - Finding all wine samples
2017-05-17 20:36:42 - Changing wineSample model - all wineSamples are loaded from database.
